{"/Users/abhishek/stuff/ai-adventures/pocket-portals/static/js/api.js": {"path":"/Users/abhishek/stuff/ai-adventures/pocket-portals/static/js/api.js","statementMap":{"0":{"start":{"line":14,"column":18},"end":{"line":14,"column":34}},"1":{"start":{"line":16,"column":4},"end":{"line":63,"column":5}},"2":{"start":{"line":18,"column":12},"end":{"line":18,"column":42}},"3":{"start":{"line":19,"column":12},"end":{"line":19,"column":18}},"4":{"start":{"line":22,"column":12},"end":{"line":22,"column":53}},"5":{"start":{"line":23,"column":12},"end":{"line":23,"column":37}},"6":{"start":{"line":24,"column":12},"end":{"line":24,"column":18}},"7":{"start":{"line":27,"column":12},"end":{"line":27,"column":51}},"8":{"start":{"line":28,"column":12},"end":{"line":28,"column":18}},"9":{"start":{"line":31,"column":12},"end":{"line":35,"column":13}},"10":{"start":{"line":32,"column":16},"end":{"line":32,"column":45}},"11":{"start":{"line":34,"column":16},"end":{"line":34,"column":60}},"12":{"start":{"line":36,"column":12},"end":{"line":36,"column":18}},"13":{"start":{"line":39,"column":12},"end":{"line":39,"column":59}},"14":{"start":{"line":40,"column":12},"end":{"line":40,"column":47}},"15":{"start":{"line":41,"column":12},"end":{"line":41,"column":18}},"16":{"start":{"line":45,"column":12},"end":{"line":45,"column":40}},"17":{"start":{"line":46,"column":12},"end":{"line":46,"column":18}},"18":{"start":{"line":49,"column":12},"end":{"line":49,"column":46}},"19":{"start":{"line":50,"column":12},"end":{"line":50,"column":107}},"20":{"start":{"line":51,"column":12},"end":{"line":53,"column":13}},"21":{"start":{"line":52,"column":16},"end":{"line":52,"column":114}},"22":{"start":{"line":54,"column":12},"end":{"line":54,"column":18}},"23":{"start":{"line":57,"column":12},"end":{"line":57,"column":42}},"24":{"start":{"line":60,"column":12},"end":{"line":62,"column":13}},"25":{"start":{"line":61,"column":16},"end":{"line":61,"column":68}},"26":{"start":{"line":73,"column":4},"end":{"line":77,"column":5}},"27":{"start":{"line":74,"column":25},"end":{"line":74,"column":69}},"28":{"start":{"line":75,"column":8},"end":{"line":75,"column":47}},"29":{"start":{"line":76,"column":8},"end":{"line":76,"column":37}},"30":{"start":{"line":80,"column":4},"end":{"line":87,"column":5}},"31":{"start":{"line":81,"column":8},"end":{"line":86,"column":9}},"32":{"start":{"line":82,"column":30},"end":{"line":82,"column":67}},"33":{"start":{"line":83,"column":12},"end":{"line":83,"column":57}},"34":{"start":{"line":85,"column":12},"end":{"line":85,"column":52}},"35":{"start":{"line":90,"column":4},"end":{"line":92,"column":5}},"36":{"start":{"line":91,"column":8},"end":{"line":91,"column":54}},"37":{"start":{"line":101,"column":4},"end":{"line":116,"column":6}},"38":{"start":{"line":125,"column":4},"end":{"line":135,"column":6}},"39":{"start":{"line":129,"column":63},"end":{"line":133,"column":9}},"40":{"start":{"line":145,"column":18},"end":{"line":145,"column":34}},"41":{"start":{"line":146,"column":46},"end":{"line":146,"column":64}},"42":{"start":{"line":148,"column":4},"end":{"line":148,"column":32}},"43":{"start":{"line":148,"column":25},"end":{"line":148,"column":32}},"44":{"start":{"line":150,"column":4},"end":{"line":150,"column":28}},"45":{"start":{"line":151,"column":4},"end":{"line":151,"column":60}},"46":{"start":{"line":154,"column":25},"end":{"line":154,"column":85}},"47":{"start":{"line":155,"column":4},"end":{"line":155,"column":46}},"48":{"start":{"line":157,"column":4},"end":{"line":220,"column":5}},"49":{"start":{"line":158,"column":24},"end":{"line":158,"column":26}},"50":{"start":{"line":160,"column":8},"end":{"line":164,"column":9}},"51":{"start":{"line":161,"column":12},"end":{"line":161,"column":47}},"52":{"start":{"line":163,"column":12},"end":{"line":163,"column":36}},"53":{"start":{"line":166,"column":8},"end":{"line":168,"column":9}},"54":{"start":{"line":167,"column":12},"end":{"line":167,"column":49}},"55":{"start":{"line":170,"column":25},"end":{"line":174,"column":10}},"56":{"start":{"line":176,"column":8},"end":{"line":178,"column":9}},"57":{"start":{"line":177,"column":12},"end":{"line":177,"column":64}},"58":{"start":{"line":180,"column":23},"end":{"line":180,"column":48}},"59":{"start":{"line":181,"column":24},"end":{"line":181,"column":41}},"60":{"start":{"line":182,"column":21},"end":{"line":182,"column":23}},"61":{"start":{"line":183,"column":31},"end":{"line":183,"column":33}},"62":{"start":{"line":185,"column":8},"end":{"line":206,"column":9}},"63":{"start":{"line":186,"column":36},"end":{"line":186,"column":55}},"64":{"start":{"line":187,"column":12},"end":{"line":187,"column":28}},"65":{"start":{"line":187,"column":22},"end":{"line":187,"column":28}},"66":{"start":{"line":189,"column":12},"end":{"line":189,"column":62}},"67":{"start":{"line":190,"column":26},"end":{"line":190,"column":44}},"68":{"start":{"line":191,"column":12},"end":{"line":191,"column":39}},"69":{"start":{"line":193,"column":12},"end":{"line":205,"column":13}},"70":{"start":{"line":194,"column":16},"end":{"line":204,"column":17}},"71":{"start":{"line":195,"column":20},"end":{"line":195,"column":64}},"72":{"start":{"line":196,"column":23},"end":{"line":204,"column":17}},"73":{"start":{"line":197,"column":20},"end":{"line":202,"column":21}},"74":{"start":{"line":198,"column":37},"end":{"line":198,"column":73}},"75":{"start":{"line":199,"column":24},"end":{"line":199,"column":66}},"76":{"start":{"line":201,"column":24},"end":{"line":201,"column":78}},"77":{"start":{"line":203,"column":20},"end":{"line":203,"column":42}},"78":{"start":{"line":209,"column":8},"end":{"line":209,"column":48}},"79":{"start":{"line":209,"column":25},"end":{"line":209,"column":48}},"80":{"start":{"line":210,"column":8},"end":{"line":210,"column":58}},"81":{"start":{"line":210,"column":30},"end":{"line":210,"column":58}},"82":{"start":{"line":213,"column":8},"end":{"line":213,"column":37}},"83":{"start":{"line":214,"column":8},"end":{"line":214,"column":57}},"84":{"start":{"line":216,"column":8},"end":{"line":216,"column":33}},"85":{"start":{"line":217,"column":8},"end":{"line":219,"column":9}},"86":{"start":{"line":218,"column":12},"end":{"line":218,"column":51}},"87":{"start":{"line":228,"column":4},"end":{"line":228,"column":28}},"88":{"start":{"line":235,"column":46},"end":{"line":235,"column":64}},"89":{"start":{"line":237,"column":19},"end":{"line":238,"column":70}},"90":{"start":{"line":240,"column":4},"end":{"line":245,"column":5}},"91":{"start":{"line":241,"column":8},"end":{"line":241,"column":27}},"92":{"start":{"line":242,"column":8},"end":{"line":244,"column":9}},"93":{"start":{"line":243,"column":12},"end":{"line":243,"column":42}},"94":{"start":{"line":254,"column":18},"end":{"line":254,"column":34}},"95":{"start":{"line":255,"column":38},"end":{"line":255,"column":56}},"96":{"start":{"line":257,"column":4},"end":{"line":257,"column":55}},"97":{"start":{"line":257,"column":40},"end":{"line":257,"column":55}},"98":{"start":{"line":259,"column":4},"end":{"line":259,"column":28}},"99":{"start":{"line":260,"column":4},"end":{"line":260,"column":60}},"100":{"start":{"line":262,"column":4},"end":{"line":305,"column":5}},"101":{"start":{"line":263,"column":25},"end":{"line":263,"column":65}},"102":{"start":{"line":264,"column":8},"end":{"line":266,"column":9}},"103":{"start":{"line":265,"column":12},"end":{"line":265,"column":64}},"104":{"start":{"line":268,"column":21},"end":{"line":268,"column":42}},"105":{"start":{"line":270,"column":8},"end":{"line":270,"column":42}},"106":{"start":{"line":271,"column":8},"end":{"line":271,"column":103}},"107":{"start":{"line":273,"column":8},"end":{"line":276,"column":9}},"108":{"start":{"line":274,"column":12},"end":{"line":274,"column":110}},"109":{"start":{"line":275,"column":12},"end":{"line":275,"column":44}},"110":{"start":{"line":278,"column":8},"end":{"line":280,"column":9}},"111":{"start":{"line":279,"column":12},"end":{"line":279,"column":36}},"112":{"start":{"line":281,"column":8},"end":{"line":281,"column":54}},"113":{"start":{"line":282,"column":8},"end":{"line":282,"column":43}},"114":{"start":{"line":285,"column":8},"end":{"line":289,"column":9}},"115":{"start":{"line":286,"column":29},"end":{"line":286,"column":73}},"116":{"start":{"line":287,"column":12},"end":{"line":287,"column":51}},"117":{"start":{"line":288,"column":12},"end":{"line":288,"column":41}},"118":{"start":{"line":292,"column":8},"end":{"line":295,"column":9}},"119":{"start":{"line":293,"column":30},"end":{"line":293,"column":67}},"120":{"start":{"line":294,"column":12},"end":{"line":294,"column":57}},"121":{"start":{"line":298,"column":8},"end":{"line":298,"column":37}},"122":{"start":{"line":299,"column":8},"end":{"line":299,"column":70}},"123":{"start":{"line":301,"column":8},"end":{"line":301,"column":33}},"124":{"start":{"line":302,"column":8},"end":{"line":304,"column":9}},"125":{"start":{"line":303,"column":12},"end":{"line":303,"column":32}},"126":{"start":{"line":312,"column":18},"end":{"line":312,"column":34}},"127":{"start":{"line":313,"column":88},"end":{"line":313,"column":106}},"128":{"start":{"line":315,"column":4},"end":{"line":315,"column":27}},"129":{"start":{"line":316,"column":4},"end":{"line":316,"column":30}},"130":{"start":{"line":317,"column":4},"end":{"line":317,"column":24}},"131":{"start":{"line":319,"column":4},"end":{"line":321,"column":5}},"132":{"start":{"line":320,"column":8},"end":{"line":320,"column":53}},"133":{"start":{"line":323,"column":4},"end":{"line":325,"column":5}},"134":{"start":{"line":324,"column":8},"end":{"line":324,"column":47}},"135":{"start":{"line":327,"column":4},"end":{"line":329,"column":5}},"136":{"start":{"line":328,"column":8},"end":{"line":328,"column":34}},"137":{"start":{"line":331,"column":4},"end":{"line":334,"column":5}},"138":{"start":{"line":332,"column":8},"end":{"line":332,"column":40}},"139":{"start":{"line":333,"column":8},"end":{"line":333,"column":75}},"140":{"start":{"line":336,"column":4},"end":{"line":347,"column":5}},"141":{"start":{"line":337,"column":8},"end":{"line":346,"column":10}},"142":{"start":{"line":349,"column":4},"end":{"line":351,"column":5}},"143":{"start":{"line":350,"column":8},"end":{"line":350,"column":31}},"144":{"start":{"line":353,"column":4},"end":{"line":355,"column":5}},"145":{"start":{"line":354,"column":8},"end":{"line":354,"column":36}},"146":{"start":{"line":357,"column":4},"end":{"line":359,"column":5}},"147":{"start":{"line":358,"column":8},"end":{"line":358,"column":28}},"148":{"start":{"line":362,"column":4},"end":{"line":364,"column":5}},"149":{"start":{"line":363,"column":8},"end":{"line":363,"column":38}},"150":{"start":{"line":368,"column":0},"end":{"line":378,"column":1}},"151":{"start":{"line":369,"column":4},"end":{"line":369,"column":35}},"152":{"start":{"line":370,"column":4},"end":{"line":370,"column":39}},"153":{"start":{"line":371,"column":4},"end":{"line":371,"column":39}},"154":{"start":{"line":372,"column":4},"end":{"line":372,"column":49}},"155":{"start":{"line":373,"column":4},"end":{"line":373,"column":29}},"156":{"start":{"line":374,"column":4},"end":{"line":374,"column":49}},"157":{"start":{"line":375,"column":4},"end":{"line":375,"column":57}},"158":{"start":{"line":376,"column":4},"end":{"line":376,"column":59}},"159":{"start":{"line":377,"column":4},"end":{"line":377,"column":51}}},"fnMap":{"0":{"name":"handleStreamEvent","decl":{"start":{"line":13,"column":16},"end":{"line":13,"column":33}},"loc":{"start":{"line":13,"column":51},"end":{"line":64,"column":1}}},"1":{"name":"handleGameStateUpdate","decl":{"start":{"line":71,"column":16},"end":{"line":71,"column":37}},"loc":{"start":{"line":71,"column":44},"end":{"line":93,"column":1}}},"2":{"name":"transformCharacterData","decl":{"start":{"line":100,"column":16},"end":{"line":100,"column":38}},"loc":{"start":{"line":100,"column":52},"end":{"line":117,"column":1}}},"3":{"name":"transformQuestData","decl":{"start":{"line":124,"column":16},"end":{"line":124,"column":34}},"loc":{"start":{"line":124,"column":48},"end":{"line":136,"column":1}}},"4":{"name":"(anonymous_4)","decl":{"start":{"line":129,"column":55},"end":{"line":129,"column":58}},"loc":{"start":{"line":129,"column":63},"end":{"line":133,"column":9}}},"5":{"name":"sendAction","decl":{"start":{"line":144,"column":22},"end":{"line":144,"column":32}},"loc":{"start":{"line":144,"column":54},"end":{"line":221,"column":1}}},"6":{"name":"selectChoice","decl":{"start":{"line":227,"column":16},"end":{"line":227,"column":28}},"loc":{"start":{"line":227,"column":36},"end":{"line":229,"column":1}}},"7":{"name":"submitAction","decl":{"start":{"line":234,"column":16},"end":{"line":234,"column":28}},"loc":{"start":{"line":234,"column":31},"end":{"line":246,"column":1}}},"8":{"name":"startNewAdventure","decl":{"start":{"line":253,"column":22},"end":{"line":253,"column":39}},"loc":{"start":{"line":253,"column":49},"end":{"line":306,"column":1}}},"9":{"name":"newGame","decl":{"start":{"line":311,"column":16},"end":{"line":311,"column":23}},"loc":{"start":{"line":311,"column":26},"end":{"line":365,"column":1}}}},"branchMap":{"0":{"loc":{"start":{"line":16,"column":4},"end":{"line":63,"column":5}},"type":"switch","locations":[{"start":{"line":17,"column":8},"end":{"line":19,"column":18}},{"start":{"line":21,"column":8},"end":{"line":24,"column":18}},{"start":{"line":26,"column":8},"end":{"line":28,"column":18}},{"start":{"line":30,"column":8},"end":{"line":36,"column":18}},{"start":{"line":38,"column":8},"end":{"line":41,"column":18}},{"start":{"line":43,"column":8},"end":{"line":46,"column":18}},{"start":{"line":48,"column":8},"end":{"line":54,"column":18}},{"start":{"line":56,"column":8},"end":{"line":57,"column":42}},{"start":{"line":59,"column":8},"end":{"line":62,"column":13}}]},"1":{"loc":{"start":{"line":31,"column":12},"end":{"line":35,"column":13}},"type":"if","locations":[{"start":{"line":31,"column":12},"end":{"line":35,"column":13}},{"start":{"line":33,"column":19},"end":{"line":35,"column":13}}]},"2":{"loc":{"start":{"line":51,"column":12},"end":{"line":53,"column":13}},"type":"if","locations":[{"start":{"line":51,"column":12},"end":{"line":53,"column":13}},{"start":{},"end":{}}]},"3":{"loc":{"start":{"line":60,"column":12},"end":{"line":62,"column":13}},"type":"if","locations":[{"start":{"line":60,"column":12},"end":{"line":62,"column":13}},{"start":{},"end":{}}]},"4":{"loc":{"start":{"line":73,"column":4},"end":{"line":77,"column":5}},"type":"if","locations":[{"start":{"line":73,"column":4},"end":{"line":77,"column":5}},{"start":{},"end":{}}]},"5":{"loc":{"start":{"line":73,"column":8},"end":{"line":73,"column":53}},"type":"binary-expr","locations":[{"start":{"line":73,"column":8},"end":{"line":73,"column":28}},{"start":{"line":73,"column":32},"end":{"line":73,"column":53}}]},"6":{"loc":{"start":{"line":80,"column":4},"end":{"line":87,"column":5}},"type":"if","locations":[{"start":{"line":80,"column":4},"end":{"line":87,"column":5}},{"start":{},"end":{}}]},"7":{"loc":{"start":{"line":81,"column":8},"end":{"line":86,"column":9}},"type":"if","locations":[{"start":{"line":81,"column":8},"end":{"line":86,"column":9}},{"start":{"line":84,"column":15},"end":{"line":86,"column":9}}]},"8":{"loc":{"start":{"line":90,"column":4},"end":{"line":92,"column":5}},"type":"if","locations":[{"start":{"line":90,"column":4},"end":{"line":92,"column":5}},{"start":{},"end":{}}]},"9":{"loc":{"start":{"line":90,"column":8},"end":{"line":90,"column":58}},"type":"binary-expr","locations":[{"start":{"line":90,"column":8},"end":{"line":90,"column":37}},{"start":{"line":90,"column":41},"end":{"line":90,"column":58}}]},"10":{"loc":{"start":{"line":105,"column":15},"end":{"line":105,"column":37}},"type":"binary-expr","locations":[{"start":{"line":105,"column":15},"end":{"line":105,"column":32}},{"start":{"line":105,"column":36},"end":{"line":105,"column":37}}]},"11":{"loc":{"start":{"line":107,"column":22},"end":{"line":107,"column":55}},"type":"binary-expr","locations":[{"start":{"line":107,"column":22},"end":{"line":107,"column":49}},{"start":{"line":107,"column":53},"end":{"line":107,"column":55}}]},"12":{"loc":{"start":{"line":108,"column":23},"end":{"line":108,"column":57}},"type":"binary-expr","locations":[{"start":{"line":108,"column":23},"end":{"line":108,"column":51}},{"start":{"line":108,"column":55},"end":{"line":108,"column":57}}]},"13":{"loc":{"start":{"line":109,"column":26},"end":{"line":109,"column":63}},"type":"binary-expr","locations":[{"start":{"line":109,"column":26},"end":{"line":109,"column":57}},{"start":{"line":109,"column":61},"end":{"line":109,"column":63}}]},"14":{"loc":{"start":{"line":110,"column":26},"end":{"line":110,"column":63}},"type":"binary-expr","locations":[{"start":{"line":110,"column":26},"end":{"line":110,"column":57}},{"start":{"line":110,"column":61},"end":{"line":110,"column":63}}]},"15":{"loc":{"start":{"line":111,"column":20},"end":{"line":111,"column":51}},"type":"binary-expr","locations":[{"start":{"line":111,"column":20},"end":{"line":111,"column":45}},{"start":{"line":111,"column":49},"end":{"line":111,"column":51}}]},"16":{"loc":{"start":{"line":112,"column":22},"end":{"line":112,"column":55}},"type":"binary-expr","locations":[{"start":{"line":112,"column":22},"end":{"line":112,"column":49}},{"start":{"line":112,"column":53},"end":{"line":112,"column":55}}]},"17":{"loc":{"start":{"line":129,"column":21},"end":{"line":129,"column":49}},"type":"binary-expr","locations":[{"start":{"line":129,"column":21},"end":{"line":129,"column":43}},{"start":{"line":129,"column":47},"end":{"line":129,"column":49}}]},"18":{"loc":{"start":{"line":132,"column":25},"end":{"line":132,"column":50}},"type":"binary-expr","locations":[{"start":{"line":132,"column":25},"end":{"line":132,"column":41}},{"start":{"line":132,"column":45},"end":{"line":132,"column":50}}]},"19":{"loc":{"start":{"line":148,"column":4},"end":{"line":148,"column":32}},"type":"if","locations":[{"start":{"line":148,"column":4},"end":{"line":148,"column":32}},{"start":{},"end":{}}]},"20":{"loc":{"start":{"line":154,"column":25},"end":{"line":154,"column":85}},"type":"cond-expr","locations":[{"start":{"line":154,"column":39},"end":{"line":154,"column":76}},{"start":{"line":154,"column":79},"end":{"line":154,"column":85}}]},"21":{"loc":{"start":{"line":160,"column":8},"end":{"line":164,"column":9}},"type":"if","locations":[{"start":{"line":160,"column":8},"end":{"line":164,"column":9}},{"start":{"line":162,"column":15},"end":{"line":164,"column":9}}]},"22":{"loc":{"start":{"line":166,"column":8},"end":{"line":168,"column":9}},"type":"if","locations":[{"start":{"line":166,"column":8},"end":{"line":168,"column":9}},{"start":{},"end":{}}]},"23":{"loc":{"start":{"line":176,"column":8},"end":{"line":178,"column":9}},"type":"if","locations":[{"start":{"line":176,"column":8},"end":{"line":178,"column":9}},{"start":{},"end":{}}]},"24":{"loc":{"start":{"line":187,"column":12},"end":{"line":187,"column":28}},"type":"if","locations":[{"start":{"line":187,"column":12},"end":{"line":187,"column":28}},{"start":{},"end":{}}]},"25":{"loc":{"start":{"line":191,"column":21},"end":{"line":191,"column":38}},"type":"binary-expr","locations":[{"start":{"line":191,"column":21},"end":{"line":191,"column":32}},{"start":{"line":191,"column":36},"end":{"line":191,"column":38}}]},"26":{"loc":{"start":{"line":194,"column":16},"end":{"line":204,"column":17}},"type":"if","locations":[{"start":{"line":194,"column":16},"end":{"line":204,"column":17}},{"start":{"line":196,"column":23},"end":{"line":204,"column":17}}]},"27":{"loc":{"start":{"line":196,"column":23},"end":{"line":204,"column":17}},"type":"if","locations":[{"start":{"line":196,"column":23},"end":{"line":204,"column":17}},{"start":{},"end":{}}]},"28":{"loc":{"start":{"line":209,"column":8},"end":{"line":209,"column":48}},"type":"if","locations":[{"start":{"line":209,"column":8},"end":{"line":209,"column":48}},{"start":{},"end":{}}]},"29":{"loc":{"start":{"line":210,"column":8},"end":{"line":210,"column":58}},"type":"if","locations":[{"start":{"line":210,"column":8},"end":{"line":210,"column":58}},{"start":{},"end":{}}]},"30":{"loc":{"start":{"line":217,"column":8},"end":{"line":219,"column":9}},"type":"if","locations":[{"start":{"line":217,"column":8},"end":{"line":219,"column":9}},{"start":{},"end":{}}]},"31":{"loc":{"start":{"line":237,"column":19},"end":{"line":238,"column":70}},"type":"binary-expr","locations":[{"start":{"line":237,"column":20},"end":{"line":237,"column":31}},{"start":{"line":237,"column":35},"end":{"line":237,"column":59}},{"start":{"line":238,"column":20},"end":{"line":238,"column":36}},{"start":{"line":238,"column":40},"end":{"line":238,"column":69}}]},"32":{"loc":{"start":{"line":240,"column":4},"end":{"line":245,"column":5}},"type":"if","locations":[{"start":{"line":240,"column":4},"end":{"line":245,"column":5}},{"start":{},"end":{}}]},"33":{"loc":{"start":{"line":242,"column":8},"end":{"line":244,"column":9}},"type":"if","locations":[{"start":{"line":242,"column":8},"end":{"line":244,"column":9}},{"start":{},"end":{}}]},"34":{"loc":{"start":{"line":257,"column":4},"end":{"line":257,"column":55}},"type":"if","locations":[{"start":{"line":257,"column":4},"end":{"line":257,"column":55}},{"start":{},"end":{}}]},"35":{"loc":{"start":{"line":264,"column":8},"end":{"line":266,"column":9}},"type":"if","locations":[{"start":{"line":264,"column":8},"end":{"line":266,"column":9}},{"start":{},"end":{}}]},"36":{"loc":{"start":{"line":273,"column":8},"end":{"line":276,"column":9}},"type":"if","locations":[{"start":{"line":273,"column":8},"end":{"line":276,"column":9}},{"start":{},"end":{}}]},"37":{"loc":{"start":{"line":278,"column":8},"end":{"line":280,"column":9}},"type":"if","locations":[{"start":{"line":278,"column":8},"end":{"line":280,"column":9}},{"start":{},"end":{}}]},"38":{"loc":{"start":{"line":285,"column":8},"end":{"line":289,"column":9}},"type":"if","locations":[{"start":{"line":285,"column":8},"end":{"line":289,"column":9}},{"start":{},"end":{}}]},"39":{"loc":{"start":{"line":285,"column":12},"end":{"line":285,"column":57}},"type":"binary-expr","locations":[{"start":{"line":285,"column":12},"end":{"line":285,"column":32}},{"start":{"line":285,"column":36},"end":{"line":285,"column":57}}]},"40":{"loc":{"start":{"line":292,"column":8},"end":{"line":295,"column":9}},"type":"if","locations":[{"start":{"line":292,"column":8},"end":{"line":295,"column":9}},{"start":{},"end":{}}]},"41":{"loc":{"start":{"line":292,"column":12},"end":{"line":292,"column":54}},"type":"binary-expr","locations":[{"start":{"line":292,"column":12},"end":{"line":292,"column":29}},{"start":{"line":292,"column":33},"end":{"line":292,"column":54}}]},"42":{"loc":{"start":{"line":302,"column":8},"end":{"line":304,"column":9}},"type":"if","locations":[{"start":{"line":302,"column":8},"end":{"line":304,"column":9}},{"start":{},"end":{}}]},"43":{"loc":{"start":{"line":319,"column":4},"end":{"line":321,"column":5}},"type":"if","locations":[{"start":{"line":319,"column":4},"end":{"line":321,"column":5}},{"start":{},"end":{}}]},"44":{"loc":{"start":{"line":323,"column":4},"end":{"line":325,"column":5}},"type":"if","locations":[{"start":{"line":323,"column":4},"end":{"line":325,"column":5}},{"start":{},"end":{}}]},"45":{"loc":{"start":{"line":327,"column":4},"end":{"line":329,"column":5}},"type":"if","locations":[{"start":{"line":327,"column":4},"end":{"line":329,"column":5}},{"start":{},"end":{}}]},"46":{"loc":{"start":{"line":331,"column":4},"end":{"line":334,"column":5}},"type":"if","locations":[{"start":{"line":331,"column":4},"end":{"line":334,"column":5}},{"start":{},"end":{}}]},"47":{"loc":{"start":{"line":336,"column":4},"end":{"line":347,"column":5}},"type":"if","locations":[{"start":{"line":336,"column":4},"end":{"line":347,"column":5}},{"start":{},"end":{}}]},"48":{"loc":{"start":{"line":349,"column":4},"end":{"line":351,"column":5}},"type":"if","locations":[{"start":{"line":349,"column":4},"end":{"line":351,"column":5}},{"start":{},"end":{}}]},"49":{"loc":{"start":{"line":353,"column":4},"end":{"line":355,"column":5}},"type":"if","locations":[{"start":{"line":353,"column":4},"end":{"line":355,"column":5}},{"start":{},"end":{}}]},"50":{"loc":{"start":{"line":357,"column":4},"end":{"line":359,"column":5}},"type":"if","locations":[{"start":{"line":357,"column":4},"end":{"line":359,"column":5}},{"start":{},"end":{}}]},"51":{"loc":{"start":{"line":362,"column":4},"end":{"line":364,"column":5}},"type":"if","locations":[{"start":{"line":362,"column":4},"end":{"line":364,"column":5}},{"start":{},"end":{}}]},"52":{"loc":{"start":{"line":368,"column":0},"end":{"line":378,"column":1}},"type":"if","locations":[{"start":{"line":368,"column":0},"end":{"line":378,"column":1}},{"start":{},"end":{}}]}},"s":{"0":15,"1":15,"2":1,"3":1,"4":2,"5":2,"6":2,"7":3,"8":3,"9":2,"10":1,"11":1,"12":2,"13":1,"14":1,"15":1,"16":0,"17":0,"18":3,"19":3,"20":3,"21":2,"22":3,"23":1,"24":2,"25":1,"26":0,"27":0,"28":0,"29":0,"30":0,"31":0,"32":0,"33":0,"34":0,"35":0,"36":0,"37":0,"38":0,"39":0,"40":18,"41":18,"42":18,"43":1,"44":17,"45":17,"46":17,"47":17,"48":17,"49":17,"50":17,"51":3,"52":14,"53":17,"54":1,"55":17,"56":16,"57":1,"58":15,"59":15,"60":15,"61":15,"62":15,"63":19,"64":19,"65":15,"66":4,"67":4,"68":4,"69":4,"70":12,"71":4,"72":8,"73":4,"74":4,"75":4,"76":0,"77":4,"78":15,"79":15,"80":15,"81":15,"82":2,"83":2,"84":17,"85":17,"86":17,"87":1,"88":5,"89":5,"90":5,"91":4,"92":4,"93":3,"94":11,"95":11,"96":11,"97":1,"98":11,"99":11,"100":11,"101":11,"102":10,"103":1,"104":9,"105":9,"106":9,"107":9,"108":8,"109":8,"110":9,"111":9,"112":9,"113":9,"114":9,"115":0,"116":0,"117":0,"118":9,"119":0,"120":0,"121":2,"122":2,"123":11,"124":11,"125":11,"126":9,"127":9,"128":9,"129":9,"130":9,"131":9,"132":8,"133":9,"134":8,"135":9,"136":8,"137":9,"138":8,"139":8,"140":9,"141":8,"142":9,"143":8,"144":9,"145":8,"146":9,"147":8,"148":9,"149":0,"150":1,"151":1,"152":1,"153":1,"154":1,"155":1,"156":1,"157":1,"158":1,"159":1},"f":{"0":15,"1":0,"2":0,"3":0,"4":0,"5":18,"6":1,"7":5,"8":11,"9":9},"b":{"0":[1,2,3,2,1,0,3,1,2],"1":[1,1],"2":[2,1],"3":[1,1],"4":[0,0],"5":[0,0],"6":[0,0],"7":[0,0],"8":[0,0],"9":[0,0],"10":[0,0],"11":[0,0],"12":[0,0],"13":[0,0],"14":[0,0],"15":[0,0],"16":[0,0],"17":[0,0],"18":[0,0],"19":[1,17],"20":[3,14],"21":[3,14],"22":[1,16],"23":[1,15],"24":[15,4],"25":[4,4],"26":[4,8],"27":[4,4],"28":[15,0],"29":[15,0],"30":[17,0],"31":[5,5,2,2],"32":[4,1],"33":[3,1],"34":[1,10],"35":[1,9],"36":[8,1],"37":[9,0],"38":[0,9],"39":[9,0],"40":[0,9],"41":[9,0],"42":[11,0],"43":[8,1],"44":[8,1],"45":[8,1],"46":[8,1],"47":[8,1],"48":[8,1],"49":[8,1],"50":[8,1],"51":[0,9],"52":[1,0]}}
,"/Users/abhishek/stuff/ai-adventures/pocket-portals/static/js/character-sheet.js": {"path":"/Users/abhishek/stuff/ai-adventures/pocket-portals/static/js/character-sheet.js","statementMap":{"0":{"start":{"line":9,"column":29},"end":{"line":39,"column":1}},"1":{"start":{"line":42,"column":18},"end":{"line":42,"column":22}},"2":{"start":{"line":43,"column":20},"end":{"line":43,"column":24}},"3":{"start":{"line":44,"column":16},"end":{"line":44,"column":20}},"4":{"start":{"line":47,"column":30},"end":{"line":47,"column":72}},"5":{"start":{"line":55,"column":4},"end":{"line":55,"column":40}},"6":{"start":{"line":64,"column":4},"end":{"line":64,"column":30}},"7":{"start":{"line":64,"column":19},"end":{"line":64,"column":30}},"8":{"start":{"line":65,"column":4},"end":{"line":65,"column":42}},"9":{"start":{"line":75,"column":4},"end":{"line":75,"column":27}},"10":{"start":{"line":75,"column":18},"end":{"line":75,"column":27}},"11":{"start":{"line":76,"column":4},"end":{"line":76,"column":61}},"12":{"start":{"line":85,"column":4},"end":{"line":85,"column":42}},"13":{"start":{"line":85,"column":25},"end":{"line":85,"column":42}},"14":{"start":{"line":86,"column":4},"end":{"line":86,"column":44}},"15":{"start":{"line":86,"column":25},"end":{"line":86,"column":44}},"16":{"start":{"line":87,"column":4},"end":{"line":87,"column":20}},"17":{"start":{"line":94,"column":4},"end":{"line":124,"column":6}},"18":{"start":{"line":132,"column":18},"end":{"line":132,"column":61}},"19":{"start":{"line":135,"column":4},"end":{"line":137,"column":5}},"20":{"start":{"line":136,"column":8},"end":{"line":136,"column":39}},"21":{"start":{"line":139,"column":4},"end":{"line":139,"column":28}},"22":{"start":{"line":147,"column":4},"end":{"line":147,"column":70}},"23":{"start":{"line":154,"column":22},"end":{"line":154,"column":44}},"24":{"start":{"line":156,"column":4},"end":{"line":156,"column":23}},"25":{"start":{"line":156,"column":16},"end":{"line":156,"column":23}},"26":{"start":{"line":158,"column":4},"end":{"line":158,"column":31}},"27":{"start":{"line":160,"column":4},"end":{"line":164,"column":5}},"28":{"start":{"line":161,"column":8},"end":{"line":161,"column":41}},"29":{"start":{"line":163,"column":8},"end":{"line":163,"column":44}},"30":{"start":{"line":167,"column":19},"end":{"line":167,"column":48}},"31":{"start":{"line":168,"column":4},"end":{"line":170,"column":5}},"32":{"start":{"line":169,"column":8},"end":{"line":169,"column":72}},"33":{"start":{"line":173,"column":4},"end":{"line":173,"column":36}},"34":{"start":{"line":176,"column":4},"end":{"line":178,"column":5}},"35":{"start":{"line":177,"column":8},"end":{"line":177,"column":39}},"36":{"start":{"line":185,"column":22},"end":{"line":185,"column":44}},"37":{"start":{"line":187,"column":4},"end":{"line":187,"column":23}},"38":{"start":{"line":187,"column":16},"end":{"line":187,"column":23}},"39":{"start":{"line":189,"column":4},"end":{"line":189,"column":35}},"40":{"start":{"line":192,"column":4},"end":{"line":192,"column":39}},"41":{"start":{"line":193,"column":4},"end":{"line":197,"column":5}},"42":{"start":{"line":194,"column":8},"end":{"line":194,"column":41}},"43":{"start":{"line":196,"column":8},"end":{"line":196,"column":44}},"44":{"start":{"line":204,"column":22},"end":{"line":204,"column":44}},"45":{"start":{"line":206,"column":4},"end":{"line":206,"column":23}},"46":{"start":{"line":206,"column":16},"end":{"line":206,"column":23}},"47":{"start":{"line":208,"column":4},"end":{"line":208,"column":38}},"48":{"start":{"line":218,"column":4},"end":{"line":220,"column":5}},"49":{"start":{"line":219,"column":8},"end":{"line":219,"column":36}},"50":{"start":{"line":222,"column":4},"end":{"line":233,"column":5}},"51":{"start":{"line":223,"column":20},"end":{"line":223,"column":44}},"52":{"start":{"line":224,"column":29},"end":{"line":224,"column":48}},"53":{"start":{"line":225,"column":8},"end":{"line":225,"column":48}},"54":{"start":{"line":228,"column":8},"end":{"line":232,"column":9}},"55":{"start":{"line":229,"column":12},"end":{"line":229,"column":44}},"56":{"start":{"line":231,"column":12},"end":{"line":231,"column":47}},"57":{"start":{"line":248,"column":4},"end":{"line":248,"column":22}},"58":{"start":{"line":248,"column":15},"end":{"line":248,"column":22}},"59":{"start":{"line":250,"column":4},"end":{"line":250,"column":25}},"60":{"start":{"line":272,"column":8},"end":{"line":272,"column":30}},"61":{"start":{"line":275,"column":4},"end":{"line":277,"column":5}},"62":{"start":{"line":276,"column":8},"end":{"line":276,"column":54}},"63":{"start":{"line":279,"column":4},"end":{"line":284,"column":5}},"64":{"start":{"line":280,"column":21},"end":{"line":280,"column":99}},"65":{"start":{"line":281,"column":26},"end":{"line":281,"column":134}},"66":{"start":{"line":282,"column":22},"end":{"line":282,"column":37}},"67":{"start":{"line":283,"column":8},"end":{"line":283,"column":148}},"68":{"start":{"line":287,"column":4},"end":{"line":289,"column":5}},"69":{"start":{"line":288,"column":8},"end":{"line":288,"column":57}},"70":{"start":{"line":291,"column":4},"end":{"line":293,"column":5}},"71":{"start":{"line":292,"column":8},"end":{"line":292,"column":66}},"72":{"start":{"line":296,"column":4},"end":{"line":298,"column":5}},"73":{"start":{"line":297,"column":8},"end":{"line":297,"column":47}},"74":{"start":{"line":300,"column":4},"end":{"line":302,"column":5}},"75":{"start":{"line":301,"column":8},"end":{"line":301,"column":39}},"76":{"start":{"line":304,"column":4},"end":{"line":311,"column":5}},"77":{"start":{"line":305,"column":27},"end":{"line":305,"column":76}},"78":{"start":{"line":306,"column":8},"end":{"line":306,"column":45}},"79":{"start":{"line":309,"column":8},"end":{"line":309,"column":65}},"80":{"start":{"line":310,"column":8},"end":{"line":310,"column":57}},"81":{"start":{"line":314,"column":4},"end":{"line":322,"column":5}},"82":{"start":{"line":315,"column":22},"end":{"line":315,"column":32}},"83":{"start":{"line":316,"column":8},"end":{"line":316,"column":75}},"84":{"start":{"line":317,"column":8},"end":{"line":317,"column":78}},"85":{"start":{"line":318,"column":8},"end":{"line":318,"column":87}},"86":{"start":{"line":319,"column":8},"end":{"line":319,"column":87}},"87":{"start":{"line":320,"column":8},"end":{"line":320,"column":69}},"88":{"start":{"line":321,"column":8},"end":{"line":321,"column":75}},"89":{"start":{"line":332,"column":43},"end":{"line":332,"column":65}},"90":{"start":{"line":334,"column":4},"end":{"line":344,"column":5}},"91":{"start":{"line":336,"column":8},"end":{"line":338,"column":9}},"92":{"start":{"line":337,"column":12},"end":{"line":337,"column":39}},"93":{"start":{"line":339,"column":8},"end":{"line":341,"column":9}},"94":{"start":{"line":340,"column":12},"end":{"line":340,"column":84}},"95":{"start":{"line":342,"column":8},"end":{"line":342,"column":25}},"96":{"start":{"line":343,"column":8},"end":{"line":343,"column":15}},"97":{"start":{"line":346,"column":4},"end":{"line":346,"column":21}},"98":{"start":{"line":348,"column":4},"end":{"line":350,"column":5}},"99":{"start":{"line":349,"column":8},"end":{"line":349,"column":62}},"100":{"start":{"line":352,"column":4},"end":{"line":366,"column":5}},"101":{"start":{"line":353,"column":8},"end":{"line":363,"column":20}},"102":{"start":{"line":354,"column":32},"end":{"line":354,"column":88}},"103":{"start":{"line":355,"column":32},"end":{"line":355,"column":86}},"104":{"start":{"line":356,"column":25},"end":{"line":356,"column":69}},"105":{"start":{"line":357,"column":35},"end":{"line":357,"column":65}},"106":{"start":{"line":359,"column":12},"end":{"line":362,"column":19}},"107":{"start":{"line":364,"column":11},"end":{"line":366,"column":5}},"108":{"start":{"line":365,"column":8},"end":{"line":365,"column":78}},"109":{"start":{"line":375,"column":4},"end":{"line":375,"column":33}},"110":{"start":{"line":377,"column":38},"end":{"line":377,"column":60}},"111":{"start":{"line":379,"column":4},"end":{"line":382,"column":5}},"112":{"start":{"line":380,"column":8},"end":{"line":380,"column":64}},"113":{"start":{"line":381,"column":8},"end":{"line":381,"column":15}},"114":{"start":{"line":385,"column":4},"end":{"line":385,"column":39}},"115":{"start":{"line":386,"column":4},"end":{"line":388,"column":5}},"116":{"start":{"line":387,"column":8},"end":{"line":387,"column":41}},"117":{"start":{"line":391,"column":4},"end":{"line":399,"column":5}},"118":{"start":{"line":392,"column":8},"end":{"line":392,"column":63}},"119":{"start":{"line":393,"column":8},"end":{"line":398,"column":11}},"120":{"start":{"line":394,"column":12},"end":{"line":397,"column":13}},"121":{"start":{"line":395,"column":16},"end":{"line":395,"column":35}},"122":{"start":{"line":396,"column":16},"end":{"line":396,"column":39}},"123":{"start":{"line":401,"column":4},"end":{"line":407,"column":5}},"124":{"start":{"line":402,"column":8},"end":{"line":405,"column":11}},"125":{"start":{"line":403,"column":12},"end":{"line":403,"column":32}},"126":{"start":{"line":404,"column":12},"end":{"line":404,"column":35}},"127":{"start":{"line":406,"column":8},"end":{"line":406,"column":72}},"128":{"start":{"line":409,"column":4},"end":{"line":409,"column":57}},"129":{"start":{"line":416,"column":4},"end":{"line":416,"column":25}},"130":{"start":{"line":417,"column":4},"end":{"line":417,"column":21}},"131":{"start":{"line":418,"column":4},"end":{"line":418,"column":25}},"132":{"start":{"line":426,"column":4},"end":{"line":426,"column":25}},"133":{"start":{"line":434,"column":4},"end":{"line":434,"column":21}},"134":{"start":{"line":438,"column":30},"end":{"line":450,"column":1}},"135":{"start":{"line":453,"column":0},"end":{"line":464,"column":1}},"136":{"start":{"line":454,"column":4},"end":{"line":454,"column":43}},"137":{"start":{"line":455,"column":4},"end":{"line":455,"column":51}},"138":{"start":{"line":456,"column":4},"end":{"line":456,"column":55}},"139":{"start":{"line":457,"column":4},"end":{"line":457,"column":49}},"140":{"start":{"line":458,"column":4},"end":{"line":458,"column":51}},"141":{"start":{"line":459,"column":4},"end":{"line":459,"column":51}},"142":{"start":{"line":460,"column":4},"end":{"line":460,"column":55}},"143":{"start":{"line":461,"column":4},"end":{"line":461,"column":53}},"144":{"start":{"line":462,"column":4},"end":{"line":462,"column":49}},"145":{"start":{"line":463,"column":4},"end":{"line":463,"column":43}}},"fnMap":{"0":{"name":"calculateModifier","decl":{"start":{"line":54,"column":16},"end":{"line":54,"column":33}},"loc":{"start":{"line":54,"column":41},"end":{"line":56,"column":1}}},"1":{"name":"formatModifier","decl":{"start":{"line":63,"column":16},"end":{"line":63,"column":30}},"loc":{"start":{"line":63,"column":36},"end":{"line":66,"column":1}}},"2":{"name":"calculateHpPercentage","decl":{"start":{"line":74,"column":16},"end":{"line":74,"column":37}},"loc":{"start":{"line":74,"column":52},"end":{"line":77,"column":1}}},"3":{"name":"getHpColorClass","decl":{"start":{"line":84,"column":16},"end":{"line":84,"column":31}},"loc":{"start":{"line":84,"column":44},"end":{"line":88,"column":1}}},"4":{"name":"initCharacterSheetElements","decl":{"start":{"line":93,"column":16},"end":{"line":93,"column":42}},"loc":{"start":{"line":93,"column":45},"end":{"line":125,"column":1}}},"5":{"name":"loadCollapsedState","decl":{"start":{"line":131,"column":16},"end":{"line":131,"column":34}},"loc":{"start":{"line":131,"column":37},"end":{"line":140,"column":1}}},"6":{"name":"saveCollapsedState","decl":{"start":{"line":146,"column":16},"end":{"line":146,"column":34}},"loc":{"start":{"line":146,"column":46},"end":{"line":148,"column":1}}},"7":{"name":"toggleCharacterSheet","decl":{"start":{"line":153,"column":16},"end":{"line":153,"column":36}},"loc":{"start":{"line":153,"column":39},"end":{"line":179,"column":1}}},"8":{"name":"showCharacterSheet","decl":{"start":{"line":184,"column":16},"end":{"line":184,"column":34}},"loc":{"start":{"line":184,"column":37},"end":{"line":198,"column":1}}},"9":{"name":"hideCharacterSheet","decl":{"start":{"line":203,"column":16},"end":{"line":203,"column":34}},"loc":{"start":{"line":203,"column":37},"end":{"line":209,"column":1}}},"10":{"name":"updateStatDisplay","decl":{"start":{"line":217,"column":9},"end":{"line":217,"column":26}},"loc":{"start":{"line":217,"column":50},"end":{"line":234,"column":1}}},"11":{"name":"updateCharacterSheet","decl":{"start":{"line":247,"column":16},"end":{"line":247,"column":36}},"loc":{"start":{"line":247,"column":43},"end":{"line":323,"column":1}}},"12":{"name":"updateActiveQuest","decl":{"start":{"line":331,"column":16},"end":{"line":331,"column":33}},"loc":{"start":{"line":331,"column":40},"end":{"line":367,"column":1}}},"13":{"name":"(anonymous_13)","decl":{"start":{"line":353,"column":56},"end":{"line":353,"column":65}},"loc":{"start":{"line":353,"column":69},"end":{"line":363,"column":9}}},"14":{"name":"initCharacterSheet","decl":{"start":{"line":373,"column":16},"end":{"line":373,"column":34}},"loc":{"start":{"line":373,"column":37},"end":{"line":410,"column":1}}},"15":{"name":"(anonymous_15)","decl":{"start":{"line":393,"column":43},"end":{"line":393,"column":44}},"loc":{"start":{"line":393,"column":50},"end":{"line":398,"column":9}}},"16":{"name":"(anonymous_16)","decl":{"start":{"line":402,"column":41},"end":{"line":402,"column":42}},"loc":{"start":{"line":402,"column":48},"end":{"line":405,"column":9}}},"17":{"name":"resetCharacterSheet","decl":{"start":{"line":415,"column":16},"end":{"line":415,"column":35}},"loc":{"start":{"line":415,"column":38},"end":{"line":419,"column":1}}},"18":{"name":"getCharacterData","decl":{"start":{"line":425,"column":16},"end":{"line":425,"column":32}},"loc":{"start":{"line":425,"column":35},"end":{"line":427,"column":1}}},"19":{"name":"getQuestData","decl":{"start":{"line":433,"column":16},"end":{"line":433,"column":28}},"loc":{"start":{"line":433,"column":31},"end":{"line":435,"column":1}}}},"branchMap":{"0":{"loc":{"start":{"line":64,"column":4},"end":{"line":64,"column":30}},"type":"if","locations":[{"start":{"line":64,"column":4},"end":{"line":64,"column":30}},{"start":{},"end":{}}]},"1":{"loc":{"start":{"line":65,"column":11},"end":{"line":65,"column":41}},"type":"cond-expr","locations":[{"start":{"line":65,"column":21},"end":{"line":65,"column":30}},{"start":{"line":65,"column":33},"end":{"line":65,"column":41}}]},"2":{"loc":{"start":{"line":75,"column":4},"end":{"line":75,"column":27}},"type":"if","locations":[{"start":{"line":75,"column":4},"end":{"line":75,"column":27}},{"start":{},"end":{}}]},"3":{"loc":{"start":{"line":85,"column":4},"end":{"line":85,"column":42}},"type":"if","locations":[{"start":{"line":85,"column":4},"end":{"line":85,"column":42}},{"start":{},"end":{}}]},"4":{"loc":{"start":{"line":86,"column":4},"end":{"line":86,"column":44}},"type":"if","locations":[{"start":{"line":86,"column":4},"end":{"line":86,"column":44}},{"start":{},"end":{}}]},"5":{"loc":{"start":{"line":135,"column":4},"end":{"line":137,"column":5}},"type":"if","locations":[{"start":{"line":135,"column":4},"end":{"line":137,"column":5}},{"start":{},"end":{}}]},"6":{"loc":{"start":{"line":156,"column":4},"end":{"line":156,"column":23}},"type":"if","locations":[{"start":{"line":156,"column":4},"end":{"line":156,"column":23}},{"start":{},"end":{}}]},"7":{"loc":{"start":{"line":160,"column":4},"end":{"line":164,"column":5}},"type":"if","locations":[{"start":{"line":160,"column":4},"end":{"line":164,"column":5}},{"start":{"line":162,"column":11},"end":{"line":164,"column":5}}]},"8":{"loc":{"start":{"line":168,"column":4},"end":{"line":170,"column":5}},"type":"if","locations":[{"start":{"line":168,"column":4},"end":{"line":170,"column":5}},{"start":{},"end":{}}]},"9":{"loc":{"start":{"line":176,"column":4},"end":{"line":178,"column":5}},"type":"if","locations":[{"start":{"line":176,"column":4},"end":{"line":178,"column":5}},{"start":{},"end":{}}]},"10":{"loc":{"start":{"line":187,"column":4},"end":{"line":187,"column":23}},"type":"if","locations":[{"start":{"line":187,"column":4},"end":{"line":187,"column":23}},{"start":{},"end":{}}]},"11":{"loc":{"start":{"line":193,"column":4},"end":{"line":197,"column":5}},"type":"if","locations":[{"start":{"line":193,"column":4},"end":{"line":197,"column":5}},{"start":{"line":195,"column":11},"end":{"line":197,"column":5}}]},"12":{"loc":{"start":{"line":206,"column":4},"end":{"line":206,"column":23}},"type":"if","locations":[{"start":{"line":206,"column":4},"end":{"line":206,"column":23}},{"start":{},"end":{}}]},"13":{"loc":{"start":{"line":218,"column":4},"end":{"line":220,"column":5}},"type":"if","locations":[{"start":{"line":218,"column":4},"end":{"line":220,"column":5}},{"start":{},"end":{}}]},"14":{"loc":{"start":{"line":222,"column":4},"end":{"line":233,"column":5}},"type":"if","locations":[{"start":{"line":222,"column":4},"end":{"line":233,"column":5}},{"start":{},"end":{}}]},"15":{"loc":{"start":{"line":228,"column":8},"end":{"line":232,"column":9}},"type":"if","locations":[{"start":{"line":228,"column":8},"end":{"line":232,"column":9}},{"start":{"line":230,"column":15},"end":{"line":232,"column":9}}]},"16":{"loc":{"start":{"line":248,"column":4},"end":{"line":248,"column":22}},"type":"if","locations":[{"start":{"line":248,"column":4},"end":{"line":248,"column":22}},{"start":{},"end":{}}]},"17":{"loc":{"start":{"line":275,"column":4},"end":{"line":277,"column":5}},"type":"if","locations":[{"start":{"line":275,"column":4},"end":{"line":277,"column":5}},{"start":{},"end":{}}]},"18":{"loc":{"start":{"line":276,"column":31},"end":{"line":276,"column":53}},"type":"binary-expr","locations":[{"start":{"line":276,"column":31},"end":{"line":276,"column":40}},{"start":{"line":276,"column":44},"end":{"line":276,"column":53}}]},"19":{"loc":{"start":{"line":279,"column":4},"end":{"line":284,"column":5}},"type":"if","locations":[{"start":{"line":279,"column":4},"end":{"line":284,"column":5}},{"start":{},"end":{}}]},"20":{"loc":{"start":{"line":280,"column":21},"end":{"line":280,"column":99}},"type":"cond-expr","locations":[{"start":{"line":280,"column":33},"end":{"line":280,"column":87}},{"start":{"line":280,"column":90},"end":{"line":280,"column":99}}]},"21":{"loc":{"start":{"line":281,"column":26},"end":{"line":281,"column":134}},"type":"cond-expr","locations":[{"start":{"line":281,"column":48},"end":{"line":281,"column":122}},{"start":{"line":281,"column":125},"end":{"line":281,"column":134}}]},"22":{"loc":{"start":{"line":282,"column":22},"end":{"line":282,"column":37}},"type":"binary-expr","locations":[{"start":{"line":282,"column":22},"end":{"line":282,"column":32}},{"start":{"line":282,"column":36},"end":{"line":282,"column":37}}]},"23":{"loc":{"start":{"line":287,"column":4},"end":{"line":289,"column":5}},"type":"if","locations":[{"start":{"line":287,"column":4},"end":{"line":289,"column":5}},{"start":{},"end":{}}]},"24":{"loc":{"start":{"line":288,"column":34},"end":{"line":288,"column":56}},"type":"binary-expr","locations":[{"start":{"line":288,"column":34},"end":{"line":288,"column":43}},{"start":{"line":288,"column":47},"end":{"line":288,"column":56}}]},"25":{"loc":{"start":{"line":291,"column":4},"end":{"line":293,"column":5}},"type":"if","locations":[{"start":{"line":291,"column":4},"end":{"line":293,"column":5}},{"start":{},"end":{}}]},"26":{"loc":{"start":{"line":291,"column":8},"end":{"line":291,"column":77}},"type":"binary-expr","locations":[{"start":{"line":291,"column":8},"end":{"line":291,"column":17}},{"start":{"line":291,"column":21},"end":{"line":291,"column":49}},{"start":{"line":291,"column":53},"end":{"line":291,"column":77}}]},"27":{"loc":{"start":{"line":296,"column":4},"end":{"line":298,"column":5}},"type":"if","locations":[{"start":{"line":296,"column":4},"end":{"line":298,"column":5}},{"start":{},"end":{}}]},"28":{"loc":{"start":{"line":296,"column":8},"end":{"line":296,"column":49}},"type":"binary-expr","locations":[{"start":{"line":296,"column":8},"end":{"line":296,"column":17}},{"start":{"line":296,"column":21},"end":{"line":296,"column":49}}]},"29":{"loc":{"start":{"line":300,"column":4},"end":{"line":302,"column":5}},"type":"if","locations":[{"start":{"line":300,"column":4},"end":{"line":302,"column":5}},{"start":{},"end":{}}]},"30":{"loc":{"start":{"line":300,"column":8},"end":{"line":300,"column":41}},"type":"binary-expr","locations":[{"start":{"line":300,"column":8},"end":{"line":300,"column":13}},{"start":{"line":300,"column":17},"end":{"line":300,"column":41}}]},"31":{"loc":{"start":{"line":304,"column":4},"end":{"line":311,"column":5}},"type":"if","locations":[{"start":{"line":304,"column":4},"end":{"line":311,"column":5}},{"start":{},"end":{}}]},"32":{"loc":{"start":{"line":304,"column":8},"end":{"line":304,"column":73}},"type":"binary-expr","locations":[{"start":{"line":304,"column":8},"end":{"line":304,"column":13}},{"start":{"line":304,"column":17},"end":{"line":304,"column":45}},{"start":{"line":304,"column":49},"end":{"line":304,"column":73}}]},"33":{"loc":{"start":{"line":314,"column":4},"end":{"line":322,"column":5}},"type":"if","locations":[{"start":{"line":314,"column":4},"end":{"line":322,"column":5}},{"start":{},"end":{}}]},"34":{"loc":{"start":{"line":316,"column":53},"end":{"line":316,"column":73}},"type":"binary-expr","locations":[{"start":{"line":316,"column":53},"end":{"line":316,"column":67}},{"start":{"line":316,"column":71},"end":{"line":316,"column":73}}]},"35":{"loc":{"start":{"line":317,"column":55},"end":{"line":317,"column":76}},"type":"binary-expr","locations":[{"start":{"line":317,"column":55},"end":{"line":317,"column":70}},{"start":{"line":317,"column":74},"end":{"line":317,"column":76}}]},"36":{"loc":{"start":{"line":318,"column":61},"end":{"line":318,"column":85}},"type":"binary-expr","locations":[{"start":{"line":318,"column":61},"end":{"line":318,"column":79}},{"start":{"line":318,"column":83},"end":{"line":318,"column":85}}]},"37":{"loc":{"start":{"line":319,"column":61},"end":{"line":319,"column":85}},"type":"binary-expr","locations":[{"start":{"line":319,"column":61},"end":{"line":319,"column":79}},{"start":{"line":319,"column":83},"end":{"line":319,"column":85}}]},"38":{"loc":{"start":{"line":320,"column":49},"end":{"line":320,"column":67}},"type":"binary-expr","locations":[{"start":{"line":320,"column":49},"end":{"line":320,"column":61}},{"start":{"line":320,"column":65},"end":{"line":320,"column":67}}]},"39":{"loc":{"start":{"line":321,"column":53},"end":{"line":321,"column":73}},"type":"binary-expr","locations":[{"start":{"line":321,"column":53},"end":{"line":321,"column":67}},{"start":{"line":321,"column":71},"end":{"line":321,"column":73}}]},"40":{"loc":{"start":{"line":334,"column":4},"end":{"line":344,"column":5}},"type":"if","locations":[{"start":{"line":334,"column":4},"end":{"line":344,"column":5}},{"start":{},"end":{}}]},"41":{"loc":{"start":{"line":336,"column":8},"end":{"line":338,"column":9}},"type":"if","locations":[{"start":{"line":336,"column":8},"end":{"line":338,"column":9}},{"start":{},"end":{}}]},"42":{"loc":{"start":{"line":339,"column":8},"end":{"line":341,"column":9}},"type":"if","locations":[{"start":{"line":339,"column":8},"end":{"line":341,"column":9}},{"start":{},"end":{}}]},"43":{"loc":{"start":{"line":348,"column":4},"end":{"line":350,"column":5}},"type":"if","locations":[{"start":{"line":348,"column":4},"end":{"line":350,"column":5}},{"start":{},"end":{}}]},"44":{"loc":{"start":{"line":349,"column":32},"end":{"line":349,"column":61}},"type":"binary-expr","locations":[{"start":{"line":349,"column":32},"end":{"line":349,"column":42}},{"start":{"line":349,"column":46},"end":{"line":349,"column":61}}]},"45":{"loc":{"start":{"line":352,"column":4},"end":{"line":366,"column":5}},"type":"if","locations":[{"start":{"line":352,"column":4},"end":{"line":366,"column":5}},{"start":{"line":364,"column":11},"end":{"line":366,"column":5}}]},"46":{"loc":{"start":{"line":352,"column":8},"end":{"line":352,"column":76}},"type":"binary-expr","locations":[{"start":{"line":352,"column":8},"end":{"line":352,"column":23}},{"start":{"line":352,"column":27},"end":{"line":352,"column":42}},{"start":{"line":352,"column":46},"end":{"line":352,"column":76}}]},"47":{"loc":{"start":{"line":354,"column":32},"end":{"line":354,"column":88}},"type":"binary-expr","locations":[{"start":{"line":354,"column":32},"end":{"line":354,"column":53}},{"start":{"line":354,"column":57},"end":{"line":354,"column":79}},{"start":{"line":354,"column":83},"end":{"line":354,"column":88}}]},"48":{"loc":{"start":{"line":355,"column":32},"end":{"line":355,"column":86}},"type":"binary-expr","locations":[{"start":{"line":355,"column":32},"end":{"line":355,"column":53}},{"start":{"line":355,"column":57},"end":{"line":355,"column":71}},{"start":{"line":355,"column":75},"end":{"line":355,"column":86}}]},"49":{"loc":{"start":{"line":356,"column":25},"end":{"line":356,"column":69}},"type":"cond-expr","locations":[{"start":{"line":356,"column":39},"end":{"line":356,"column":49}},{"start":{"line":356,"column":52},"end":{"line":356,"column":69}}]},"50":{"loc":{"start":{"line":357,"column":35},"end":{"line":357,"column":65}},"type":"cond-expr","locations":[{"start":{"line":357,"column":49},"end":{"line":357,"column":60}},{"start":{"line":357,"column":63},"end":{"line":357,"column":65}}]},"51":{"loc":{"start":{"line":364,"column":11},"end":{"line":366,"column":5}},"type":"if","locations":[{"start":{"line":364,"column":11},"end":{"line":366,"column":5}},{"start":{},"end":{}}]},"52":{"loc":{"start":{"line":379,"column":4},"end":{"line":382,"column":5}},"type":"if","locations":[{"start":{"line":379,"column":4},"end":{"line":382,"column":5}},{"start":{},"end":{}}]},"53":{"loc":{"start":{"line":386,"column":4},"end":{"line":388,"column":5}},"type":"if","locations":[{"start":{"line":386,"column":4},"end":{"line":388,"column":5}},{"start":{},"end":{}}]},"54":{"loc":{"start":{"line":391,"column":4},"end":{"line":399,"column":5}},"type":"if","locations":[{"start":{"line":391,"column":4},"end":{"line":399,"column":5}},{"start":{},"end":{}}]},"55":{"loc":{"start":{"line":394,"column":12},"end":{"line":397,"column":13}},"type":"if","locations":[{"start":{"line":394,"column":12},"end":{"line":397,"column":13}},{"start":{},"end":{}}]},"56":{"loc":{"start":{"line":394,"column":16},"end":{"line":394,"column":50}},"type":"binary-expr","locations":[{"start":{"line":394,"column":16},"end":{"line":394,"column":33}},{"start":{"line":394,"column":37},"end":{"line":394,"column":50}}]},"57":{"loc":{"start":{"line":401,"column":4},"end":{"line":407,"column":5}},"type":"if","locations":[{"start":{"line":401,"column":4},"end":{"line":407,"column":5}},{"start":{},"end":{}}]},"58":{"loc":{"start":{"line":453,"column":0},"end":{"line":464,"column":1}},"type":"if","locations":[{"start":{"line":453,"column":0},"end":{"line":464,"column":1}},{"start":{},"end":{}}]}},"s":{"0":1,"1":1,"2":1,"3":1,"4":1,"5":64,"6":61,"7":10,"8":51,"9":18,"10":2,"11":16,"12":19,"13":12,"14":7,"15":4,"16":3,"17":29,"18":31,"19":31,"20":31,"21":0,"22":6,"23":6,"24":6,"25":0,"26":6,"27":6,"28":5,"29":1,"30":6,"31":6,"32":6,"33":6,"34":6,"35":0,"36":3,"37":3,"38":0,"39":3,"40":3,"41":3,"42":0,"43":3,"44":57,"45":57,"46":26,"47":31,"48":54,"49":54,"50":54,"51":54,"52":54,"53":54,"54":54,"55":9,"56":45,"57":11,"58":1,"59":10,"60":10,"61":10,"62":10,"63":10,"64":10,"65":10,"66":10,"67":10,"68":10,"69":10,"70":10,"71":10,"72":10,"73":10,"74":10,"75":10,"76":10,"77":10,"78":10,"79":10,"80":10,"81":10,"82":9,"83":9,"84":9,"85":9,"86":9,"87":9,"88":9,"89":6,"90":6,"91":1,"92":1,"93":1,"94":1,"95":1,"96":1,"97":5,"98":5,"99":5,"100":5,"101":5,"102":8,"103":8,"104":8,"105":8,"106":8,"107":0,"108":0,"109":29,"110":29,"111":29,"112":1,"113":1,"114":28,"115":28,"116":0,"117":28,"118":28,"119":28,"120":2,"121":2,"122":2,"123":28,"124":28,"125":0,"126":0,"127":28,"128":28,"129":56,"130":56,"131":56,"132":2,"133":2,"134":1,"135":1,"136":1,"137":1,"138":1,"139":1,"140":1,"141":1,"142":1,"143":1,"144":1,"145":1},"f":{"0":64,"1":61,"2":18,"3":19,"4":29,"5":31,"6":6,"7":6,"8":3,"9":57,"10":54,"11":11,"12":6,"13":8,"14":29,"15":2,"16":0,"17":56,"18":2,"19":2},"b":{"0":[10,51],"1":[39,12],"2":[2,16],"3":[12,7],"4":[4,3],"5":[31,0],"6":[0,6],"7":[5,1],"8":[6,0],"9":[0,6],"10":[0,3],"11":[0,3],"12":[26,31],"13":[54,0],"14":[54,0],"15":[9,45],"16":[1,10],"17":[10,0],"18":[10,0],"19":[10,0],"20":[9,1],"21":[9,1],"22":[10,1],"23":[10,0],"24":[10,0],"25":[10,0],"26":[10,10,10],"27":[10,0],"28":[10,10],"29":[10,0],"30":[10,10],"31":[10,0],"32":[10,10,10],"33":[9,1],"34":[9,0],"35":[9,0],"36":[9,0],"37":[9,0],"38":[9,0],"39":[9,0],"40":[1,5],"41":[1,0],"42":[1,0],"43":[5,0],"44":[5,0],"45":[5,0],"46":[5,5,5],"47":[8,4,4],"48":[8,0,0],"49":[4,4],"50":[4,4],"51":[0,0],"52":[1,28],"53":[0,28],"54":[28,0],"55":[2,0],"56":[2,1],"57":[28,0],"58":[1,0]}}
,"/Users/abhishek/stuff/ai-adventures/pocket-portals/static/js/combat.js": {"path":"/Users/abhishek/stuff/ai-adventures/pocket-portals/static/js/combat.js","statementMap":{"0":{"start":{"line":16,"column":4},"end":{"line":21,"column":6}},"1":{"start":{"line":31,"column":4},"end":{"line":33,"column":5}},"2":{"start":{"line":32,"column":8},"end":{"line":32,"column":25}},"3":{"start":{"line":34,"column":4},"end":{"line":34,"column":55}},"4":{"start":{"line":34,"column":38},"end":{"line":34,"column":53}},"5":{"start":{"line":44,"column":4},"end":{"line":46,"column":5}},"6":{"start":{"line":45,"column":8},"end":{"line":45,"column":25}},"7":{"start":{"line":47,"column":4},"end":{"line":47,"column":51}},"8":{"start":{"line":47,"column":38},"end":{"line":47,"column":49}},"9":{"start":{"line":57,"column":4},"end":{"line":57,"column":39}},"10":{"start":{"line":57,"column":30},"end":{"line":57,"column":39}},"11":{"start":{"line":58,"column":4},"end":{"line":58,"column":32}},"12":{"start":{"line":58,"column":23},"end":{"line":58,"column":32}},"13":{"start":{"line":59,"column":4},"end":{"line":59,"column":38}},"14":{"start":{"line":59,"column":27},"end":{"line":59,"column":38}},"15":{"start":{"line":60,"column":4},"end":{"line":60,"column":49}},"16":{"start":{"line":69,"column":4},"end":{"line":69,"column":45}},"17":{"start":{"line":69,"column":32},"end":{"line":69,"column":45}},"18":{"start":{"line":70,"column":4},"end":{"line":70,"column":41}},"19":{"start":{"line":79,"column":4},"end":{"line":81,"column":5}},"20":{"start":{"line":80,"column":8},"end":{"line":80,"column":25}},"21":{"start":{"line":82,"column":26},"end":{"line":82,"column":68}},"22":{"start":{"line":83,"column":4},"end":{"line":83,"column":41}},"23":{"start":{"line":83,"column":24},"end":{"line":83,"column":41}},"24":{"start":{"line":84,"column":4},"end":{"line":84,"column":51}},"25":{"start":{"line":94,"column":4},"end":{"line":94,"column":35}},"26":{"start":{"line":104,"column":4},"end":{"line":106,"column":5}},"27":{"start":{"line":105,"column":8},"end":{"line":105,"column":51}},"28":{"start":{"line":107,"column":4},"end":{"line":107,"column":28}},"29":{"start":{"line":115,"column":22},"end":{"line":115,"column":38}},"30":{"start":{"line":116,"column":50},"end":{"line":116,"column":68}},"31":{"start":{"line":118,"column":4},"end":{"line":118,"column":34}},"32":{"start":{"line":119,"column":4},"end":{"line":119,"column":32}},"33":{"start":{"line":121,"column":4},"end":{"line":123,"column":5}},"34":{"start":{"line":122,"column":8},"end":{"line":122,"column":42}},"35":{"start":{"line":125,"column":4},"end":{"line":125,"column":27}},"36":{"start":{"line":128,"column":4},"end":{"line":128,"column":49}},"37":{"start":{"line":128,"column":21},"end":{"line":128,"column":49}},"38":{"start":{"line":129,"column":4},"end":{"line":129,"column":45}},"39":{"start":{"line":129,"column":19},"end":{"line":129,"column":45}},"40":{"start":{"line":136,"column":22},"end":{"line":136,"column":38}},"41":{"start":{"line":137,"column":50},"end":{"line":137,"column":68}},"42":{"start":{"line":139,"column":4},"end":{"line":139,"column":33}},"43":{"start":{"line":140,"column":4},"end":{"line":140,"column":33}},"44":{"start":{"line":142,"column":4},"end":{"line":144,"column":5}},"45":{"start":{"line":143,"column":8},"end":{"line":143,"column":45}},"46":{"start":{"line":147,"column":4},"end":{"line":147,"column":50}},"47":{"start":{"line":147,"column":21},"end":{"line":147,"column":50}},"48":{"start":{"line":148,"column":4},"end":{"line":148,"column":46}},"49":{"start":{"line":148,"column":19},"end":{"line":148,"column":46}},"50":{"start":{"line":156,"column":4},"end":{"line":156,"column":23}},"51":{"start":{"line":156,"column":16},"end":{"line":156,"column":23}},"52":{"start":{"line":165,"column":8},"end":{"line":165,"column":26}},"53":{"start":{"line":168,"column":4},"end":{"line":184,"column":5}},"54":{"start":{"line":169,"column":8},"end":{"line":169,"column":37}},"55":{"start":{"line":171,"column":8},"end":{"line":183,"column":11}},"56":{"start":{"line":172,"column":30},"end":{"line":172,"column":69}},"57":{"start":{"line":172,"column":57},"end":{"line":172,"column":68}},"58":{"start":{"line":173,"column":12},"end":{"line":182,"column":13}},"59":{"start":{"line":174,"column":27},"end":{"line":174,"column":55}},"60":{"start":{"line":175,"column":29},"end":{"line":175,"column":83}},"61":{"start":{"line":176,"column":16},"end":{"line":176,"column":78}},"62":{"start":{"line":178,"column":16},"end":{"line":180,"column":17}},"63":{"start":{"line":179,"column":20},"end":{"line":179,"column":52}},"64":{"start":{"line":181,"column":16},"end":{"line":181,"column":46}},"65":{"start":{"line":187,"column":19},"end":{"line":187,"column":66}},"66":{"start":{"line":187,"column":46},"end":{"line":187,"column":65}},"67":{"start":{"line":188,"column":18},"end":{"line":188,"column":64}},"68":{"start":{"line":188,"column":45},"end":{"line":188,"column":63}},"69":{"start":{"line":191,"column":4},"end":{"line":199,"column":5}},"70":{"start":{"line":192,"column":8},"end":{"line":195,"column":9}},"71":{"start":{"line":193,"column":12},"end":{"line":193,"column":50}},"72":{"start":{"line":194,"column":12},"end":{"line":194,"column":44}},"73":{"start":{"line":196,"column":8},"end":{"line":198,"column":9}},"74":{"start":{"line":197,"column":12},"end":{"line":197,"column":79}},"75":{"start":{"line":202,"column":4},"end":{"line":213,"column":5}},"76":{"start":{"line":203,"column":8},"end":{"line":205,"column":9}},"77":{"start":{"line":204,"column":12},"end":{"line":204,"column":52}},"78":{"start":{"line":206,"column":8},"end":{"line":209,"column":9}},"79":{"start":{"line":207,"column":12},"end":{"line":207,"column":48}},"80":{"start":{"line":208,"column":12},"end":{"line":208,"column":42}},"81":{"start":{"line":210,"column":8},"end":{"line":212,"column":9}},"82":{"start":{"line":211,"column":12},"end":{"line":211,"column":76}},"83":{"start":{"line":216,"column":23},"end":{"line":216,"column":42}},"84":{"start":{"line":217,"column":20},"end":{"line":217,"column":71}},"85":{"start":{"line":218,"column":4},"end":{"line":220,"column":7}},"86":{"start":{"line":219,"column":8},"end":{"line":219,"column":35}},"87":{"start":{"line":229,"column":44},"end":{"line":229,"column":62}},"88":{"start":{"line":231,"column":4},"end":{"line":231,"column":29}},"89":{"start":{"line":231,"column":22},"end":{"line":231,"column":29}},"90":{"start":{"line":233,"column":4},"end":{"line":233,"column":40}},"91":{"start":{"line":235,"column":4},"end":{"line":237,"column":5}},"92":{"start":{"line":236,"column":8},"end":{"line":236,"column":75}},"93":{"start":{"line":240,"column":17},"end":{"line":240,"column":56}},"94":{"start":{"line":241,"column":4},"end":{"line":246,"column":5}},"95":{"start":{"line":242,"column":8},"end":{"line":242,"column":38}},"96":{"start":{"line":244,"column":8},"end":{"line":244,"column":31}},"97":{"start":{"line":245,"column":8},"end":{"line":245,"column":57}},"98":{"start":{"line":249,"column":4},"end":{"line":251,"column":13}},"99":{"start":{"line":250,"column":8},"end":{"line":250,"column":47}},"100":{"start":{"line":260,"column":22},"end":{"line":260,"column":38}},"101":{"start":{"line":262,"column":4},"end":{"line":262,"column":62}},"102":{"start":{"line":262,"column":55},"end":{"line":262,"column":62}},"103":{"start":{"line":265,"column":4},"end":{"line":267,"column":5}},"104":{"start":{"line":266,"column":8},"end":{"line":266,"column":40}},"105":{"start":{"line":270,"column":20},"end":{"line":270,"column":71}},"106":{"start":{"line":271,"column":4},"end":{"line":271,"column":48}},"107":{"start":{"line":271,"column":27},"end":{"line":271,"column":46}},"108":{"start":{"line":273,"column":4},"end":{"line":329,"column":5}},"109":{"start":{"line":274,"column":25},"end":{"line":281,"column":10}},"110":{"start":{"line":283,"column":21},"end":{"line":283,"column":42}},"111":{"start":{"line":285,"column":8},"end":{"line":288,"column":9}},"112":{"start":{"line":286,"column":12},"end":{"line":286,"column":73}},"113":{"start":{"line":287,"column":12},"end":{"line":287,"column":19}},"114":{"start":{"line":291,"column":8},"end":{"line":293,"column":9}},"115":{"start":{"line":292,"column":12},"end":{"line":292,"column":76}},"116":{"start":{"line":296,"column":8},"end":{"line":296,"column":50}},"117":{"start":{"line":299,"column":8},"end":{"line":299,"column":43}},"118":{"start":{"line":302,"column":8},"end":{"line":319,"column":9}},"119":{"start":{"line":303,"column":12},"end":{"line":305,"column":13}},"120":{"start":{"line":304,"column":16},"end":{"line":304,"column":62}},"121":{"start":{"line":307,"column":12},"end":{"line":313,"column":13}},"122":{"start":{"line":308,"column":16},"end":{"line":308,"column":85}},"123":{"start":{"line":309,"column":19},"end":{"line":313,"column":13}},"124":{"start":{"line":310,"column":16},"end":{"line":310,"column":86}},"125":{"start":{"line":311,"column":19},"end":{"line":313,"column":13}},"126":{"start":{"line":312,"column":16},"end":{"line":312,"column":72}},"127":{"start":{"line":316,"column":12},"end":{"line":318,"column":21}},"128":{"start":{"line":317,"column":16},"end":{"line":317,"column":32}},"129":{"start":{"line":322,"column":8},"end":{"line":322,"column":53}},"130":{"start":{"line":323,"column":8},"end":{"line":323,"column":61}},"131":{"start":{"line":326,"column":8},"end":{"line":328,"column":9}},"132":{"start":{"line":327,"column":12},"end":{"line":327,"column":57}},"133":{"start":{"line":327,"column":35},"end":{"line":327,"column":55}},"134":{"start":{"line":338,"column":22},"end":{"line":338,"column":38}},"135":{"start":{"line":340,"column":4},"end":{"line":343,"column":5}},"136":{"start":{"line":341,"column":8},"end":{"line":341,"column":76}},"137":{"start":{"line":342,"column":8},"end":{"line":342,"column":15}},"138":{"start":{"line":345,"column":4},"end":{"line":369,"column":5}},"139":{"start":{"line":346,"column":25},"end":{"line":353,"column":10}},"140":{"start":{"line":355,"column":8},"end":{"line":357,"column":9}},"141":{"start":{"line":356,"column":12},"end":{"line":356,"column":71}},"142":{"start":{"line":359,"column":21},"end":{"line":359,"column":42}},"143":{"start":{"line":360,"column":8},"end":{"line":360,"column":54}},"144":{"start":{"line":362,"column":8},"end":{"line":364,"column":9}},"145":{"start":{"line":363,"column":12},"end":{"line":363,"column":45}},"146":{"start":{"line":367,"column":8},"end":{"line":367,"column":52}},"147":{"start":{"line":368,"column":8},"end":{"line":368,"column":69}},"148":{"start":{"line":373,"column":0},"end":{"line":389,"column":1}},"149":{"start":{"line":374,"column":4},"end":{"line":374,"column":41}},"150":{"start":{"line":375,"column":4},"end":{"line":375,"column":41}},"151":{"start":{"line":376,"column":4},"end":{"line":376,"column":45}},"152":{"start":{"line":377,"column":4},"end":{"line":377,"column":39}},"153":{"start":{"line":378,"column":4},"end":{"line":378,"column":53}},"154":{"start":{"line":379,"column":4},"end":{"line":379,"column":37}},"155":{"start":{"line":381,"column":4},"end":{"line":381,"column":63}},"156":{"start":{"line":382,"column":4},"end":{"line":382,"column":53}},"157":{"start":{"line":383,"column":4},"end":{"line":383,"column":49}},"158":{"start":{"line":384,"column":4},"end":{"line":384,"column":57}},"159":{"start":{"line":385,"column":4},"end":{"line":385,"column":39}},"160":{"start":{"line":386,"column":4},"end":{"line":386,"column":61}},"161":{"start":{"line":387,"column":4},"end":{"line":387,"column":39}},"162":{"start":{"line":388,"column":4},"end":{"line":388,"column":51}}},"fnMap":{"0":{"name":"createInitialCombatState","decl":{"start":{"line":15,"column":16},"end":{"line":15,"column":40}},"loc":{"start":{"line":15,"column":43},"end":{"line":22,"column":1}}},"1":{"name":"findCombatantByType","decl":{"start":{"line":30,"column":16},"end":{"line":30,"column":35}},"loc":{"start":{"line":30,"column":49},"end":{"line":35,"column":1}}},"2":{"name":"(anonymous_2)","decl":{"start":{"line":34,"column":33},"end":{"line":34,"column":34}},"loc":{"start":{"line":34,"column":38},"end":{"line":34,"column":53}}},"3":{"name":"findCombatantById","decl":{"start":{"line":43,"column":16},"end":{"line":43,"column":33}},"loc":{"start":{"line":43,"column":45},"end":{"line":48,"column":1}}},"4":{"name":"(anonymous_4)","decl":{"start":{"line":47,"column":33},"end":{"line":47,"column":34}},"loc":{"start":{"line":47,"column":38},"end":{"line":47,"column":49}}},"5":{"name":"calculateHpPercentage","decl":{"start":{"line":56,"column":16},"end":{"line":56,"column":37}},"loc":{"start":{"line":56,"column":56},"end":{"line":61,"column":1}}},"6":{"name":"isPlayerTurn","decl":{"start":{"line":68,"column":16},"end":{"line":68,"column":28}},"loc":{"start":{"line":68,"column":36},"end":{"line":71,"column":1}}},"7":{"name":"getCurrentTurnCombatant","decl":{"start":{"line":78,"column":16},"end":{"line":78,"column":39}},"loc":{"start":{"line":78,"column":47},"end":{"line":85,"column":1}}},"8":{"name":"formatHpText","decl":{"start":{"line":93,"column":16},"end":{"line":93,"column":28}},"loc":{"start":{"line":93,"column":47},"end":{"line":95,"column":1}}},"9":{"name":"formatDiceRollText","decl":{"start":{"line":103,"column":16},"end":{"line":103,"column":34}},"loc":{"start":{"line":103,"column":54},"end":{"line":108,"column":1}}},"10":{"name":"showCombatHUD","decl":{"start":{"line":114,"column":16},"end":{"line":114,"column":29}},"loc":{"start":{"line":114,"column":37},"end":{"line":130,"column":1}}},"11":{"name":"hideCombatHUD","decl":{"start":{"line":135,"column":16},"end":{"line":135,"column":29}},"loc":{"start":{"line":135,"column":32},"end":{"line":149,"column":1}}},"12":{"name":"updateCombatHUD","decl":{"start":{"line":155,"column":16},"end":{"line":155,"column":31}},"loc":{"start":{"line":155,"column":39},"end":{"line":221,"column":1}}},"13":{"name":"(anonymous_13)","decl":{"start":{"line":171,"column":33},"end":{"line":171,"column":34}},"loc":{"start":{"line":171,"column":48},"end":{"line":183,"column":9}}},"14":{"name":"(anonymous_14)","decl":{"start":{"line":172,"column":52},"end":{"line":172,"column":53}},"loc":{"start":{"line":172,"column":57},"end":{"line":172,"column":68}}},"15":{"name":"(anonymous_15)","decl":{"start":{"line":187,"column":41},"end":{"line":187,"column":42}},"loc":{"start":{"line":187,"column":46},"end":{"line":187,"column":65}}},"16":{"name":"(anonymous_16)","decl":{"start":{"line":188,"column":40},"end":{"line":188,"column":41}},"loc":{"start":{"line":188,"column":45},"end":{"line":188,"column":63}}},"17":{"name":"(anonymous_17)","decl":{"start":{"line":218,"column":20},"end":{"line":218,"column":23}},"loc":{"start":{"line":218,"column":27},"end":{"line":220,"column":5}}},"18":{"name":"showDiceRoll","decl":{"start":{"line":228,"column":16},"end":{"line":228,"column":28}},"loc":{"start":{"line":228,"column":48},"end":{"line":252,"column":1}}},"19":{"name":"(anonymous_19)","decl":{"start":{"line":249,"column":15},"end":{"line":249,"column":16}},"loc":{"start":{"line":249,"column":21},"end":{"line":251,"column":5}}},"20":{"name":"executeCombatAction","decl":{"start":{"line":259,"column":22},"end":{"line":259,"column":41}},"loc":{"start":{"line":259,"column":50},"end":{"line":330,"column":1}}},"21":{"name":"(anonymous_21)","decl":{"start":{"line":271,"column":20},"end":{"line":271,"column":23}},"loc":{"start":{"line":271,"column":27},"end":{"line":271,"column":46}}},"22":{"name":"(anonymous_22)","decl":{"start":{"line":316,"column":23},"end":{"line":316,"column":24}},"loc":{"start":{"line":316,"column":29},"end":{"line":318,"column":13}}},"23":{"name":"(anonymous_23)","decl":{"start":{"line":327,"column":28},"end":{"line":327,"column":31}},"loc":{"start":{"line":327,"column":35},"end":{"line":327,"column":55}}},"24":{"name":"startCombat","decl":{"start":{"line":337,"column":22},"end":{"line":337,"column":33}},"loc":{"start":{"line":337,"column":45},"end":{"line":370,"column":1}}}},"branchMap":{"0":{"loc":{"start":{"line":31,"column":4},"end":{"line":33,"column":5}},"type":"if","locations":[{"start":{"line":31,"column":4},"end":{"line":33,"column":5}},{"start":{},"end":{}}]},"1":{"loc":{"start":{"line":31,"column":8},"end":{"line":31,"column":71}},"type":"binary-expr","locations":[{"start":{"line":31,"column":8},"end":{"line":31,"column":14}},{"start":{"line":31,"column":18},"end":{"line":31,"column":35}},{"start":{"line":31,"column":39},"end":{"line":31,"column":71}}]},"2":{"loc":{"start":{"line":44,"column":4},"end":{"line":46,"column":5}},"type":"if","locations":[{"start":{"line":44,"column":4},"end":{"line":46,"column":5}},{"start":{},"end":{}}]},"3":{"loc":{"start":{"line":44,"column":8},"end":{"line":44,"column":71}},"type":"binary-expr","locations":[{"start":{"line":44,"column":8},"end":{"line":44,"column":14}},{"start":{"line":44,"column":18},"end":{"line":44,"column":35}},{"start":{"line":44,"column":39},"end":{"line":44,"column":71}}]},"4":{"loc":{"start":{"line":57,"column":4},"end":{"line":57,"column":39}},"type":"if","locations":[{"start":{"line":57,"column":4},"end":{"line":57,"column":39}},{"start":{},"end":{}}]},"5":{"loc":{"start":{"line":57,"column":8},"end":{"line":57,"column":28}},"type":"binary-expr","locations":[{"start":{"line":57,"column":8},"end":{"line":57,"column":14}},{"start":{"line":57,"column":18},"end":{"line":57,"column":28}}]},"6":{"loc":{"start":{"line":58,"column":4},"end":{"line":58,"column":32}},"type":"if","locations":[{"start":{"line":58,"column":4},"end":{"line":58,"column":32}},{"start":{},"end":{}}]},"7":{"loc":{"start":{"line":59,"column":4},"end":{"line":59,"column":38}},"type":"if","locations":[{"start":{"line":59,"column":4},"end":{"line":59,"column":38}},{"start":{},"end":{}}]},"8":{"loc":{"start":{"line":69,"column":4},"end":{"line":69,"column":45}},"type":"if","locations":[{"start":{"line":69,"column":4},"end":{"line":69,"column":45}},{"start":{},"end":{}}]},"9":{"loc":{"start":{"line":69,"column":8},"end":{"line":69,"column":30}},"type":"binary-expr","locations":[{"start":{"line":69,"column":8},"end":{"line":69,"column":14}},{"start":{"line":69,"column":18},"end":{"line":69,"column":30}}]},"10":{"loc":{"start":{"line":79,"column":4},"end":{"line":81,"column":5}},"type":"if","locations":[{"start":{"line":79,"column":4},"end":{"line":81,"column":5}},{"start":{},"end":{}}]},"11":{"loc":{"start":{"line":79,"column":8},"end":{"line":79,"column":71}},"type":"binary-expr","locations":[{"start":{"line":79,"column":8},"end":{"line":79,"column":14}},{"start":{"line":79,"column":18},"end":{"line":79,"column":35}},{"start":{"line":79,"column":39},"end":{"line":79,"column":71}}]},"12":{"loc":{"start":{"line":83,"column":4},"end":{"line":83,"column":41}},"type":"if","locations":[{"start":{"line":83,"column":4},"end":{"line":83,"column":41}},{"start":{},"end":{}}]},"13":{"loc":{"start":{"line":104,"column":4},"end":{"line":106,"column":5}},"type":"if","locations":[{"start":{"line":104,"column":4},"end":{"line":106,"column":5}},{"start":{},"end":{}}]},"14":{"loc":{"start":{"line":104,"column":8},"end":{"line":104,"column":41}},"type":"binary-expr","locations":[{"start":{"line":104,"column":8},"end":{"line":104,"column":18}},{"start":{"line":104,"column":22},"end":{"line":104,"column":41}}]},"15":{"loc":{"start":{"line":121,"column":4},"end":{"line":123,"column":5}},"type":"if","locations":[{"start":{"line":121,"column":4},"end":{"line":123,"column":5}},{"start":{},"end":{}}]},"16":{"loc":{"start":{"line":128,"column":4},"end":{"line":128,"column":49}},"type":"if","locations":[{"start":{"line":128,"column":4},"end":{"line":128,"column":49}},{"start":{},"end":{}}]},"17":{"loc":{"start":{"line":129,"column":4},"end":{"line":129,"column":45}},"type":"if","locations":[{"start":{"line":129,"column":4},"end":{"line":129,"column":45}},{"start":{},"end":{}}]},"18":{"loc":{"start":{"line":142,"column":4},"end":{"line":144,"column":5}},"type":"if","locations":[{"start":{"line":142,"column":4},"end":{"line":144,"column":5}},{"start":{},"end":{}}]},"19":{"loc":{"start":{"line":147,"column":4},"end":{"line":147,"column":50}},"type":"if","locations":[{"start":{"line":147,"column":4},"end":{"line":147,"column":50}},{"start":{},"end":{}}]},"20":{"loc":{"start":{"line":148,"column":4},"end":{"line":148,"column":46}},"type":"if","locations":[{"start":{"line":148,"column":4},"end":{"line":148,"column":46}},{"start":{},"end":{}}]},"21":{"loc":{"start":{"line":156,"column":4},"end":{"line":156,"column":23}},"type":"if","locations":[{"start":{"line":156,"column":4},"end":{"line":156,"column":23}},{"start":{},"end":{}}]},"22":{"loc":{"start":{"line":168,"column":4},"end":{"line":184,"column":5}},"type":"if","locations":[{"start":{"line":168,"column":4},"end":{"line":184,"column":5}},{"start":{},"end":{}}]},"23":{"loc":{"start":{"line":173,"column":12},"end":{"line":182,"column":13}},"type":"if","locations":[{"start":{"line":173,"column":12},"end":{"line":182,"column":13}},{"start":{},"end":{}}]},"24":{"loc":{"start":{"line":175,"column":29},"end":{"line":175,"column":83}},"type":"cond-expr","locations":[{"start":{"line":175,"column":59},"end":{"line":175,"column":70}},{"start":{"line":175,"column":73},"end":{"line":175,"column":83}}]},"25":{"loc":{"start":{"line":178,"column":16},"end":{"line":180,"column":17}},"type":"if","locations":[{"start":{"line":178,"column":16},"end":{"line":180,"column":17}},{"start":{},"end":{}}]},"26":{"loc":{"start":{"line":191,"column":4},"end":{"line":199,"column":5}},"type":"if","locations":[{"start":{"line":191,"column":4},"end":{"line":199,"column":5}},{"start":{},"end":{}}]},"27":{"loc":{"start":{"line":192,"column":8},"end":{"line":195,"column":9}},"type":"if","locations":[{"start":{"line":192,"column":8},"end":{"line":195,"column":9}},{"start":{},"end":{}}]},"28":{"loc":{"start":{"line":196,"column":8},"end":{"line":198,"column":9}},"type":"if","locations":[{"start":{"line":196,"column":8},"end":{"line":198,"column":9}},{"start":{},"end":{}}]},"29":{"loc":{"start":{"line":202,"column":4},"end":{"line":213,"column":5}},"type":"if","locations":[{"start":{"line":202,"column":4},"end":{"line":213,"column":5}},{"start":{},"end":{}}]},"30":{"loc":{"start":{"line":203,"column":8},"end":{"line":205,"column":9}},"type":"if","locations":[{"start":{"line":203,"column":8},"end":{"line":205,"column":9}},{"start":{},"end":{}}]},"31":{"loc":{"start":{"line":206,"column":8},"end":{"line":209,"column":9}},"type":"if","locations":[{"start":{"line":206,"column":8},"end":{"line":209,"column":9}},{"start":{},"end":{}}]},"32":{"loc":{"start":{"line":210,"column":8},"end":{"line":212,"column":9}},"type":"if","locations":[{"start":{"line":210,"column":8},"end":{"line":212,"column":9}},{"start":{},"end":{}}]},"33":{"loc":{"start":{"line":231,"column":4},"end":{"line":231,"column":29}},"type":"if","locations":[{"start":{"line":231,"column":4},"end":{"line":231,"column":29}},{"start":{},"end":{}}]},"34":{"loc":{"start":{"line":235,"column":4},"end":{"line":237,"column":5}},"type":"if","locations":[{"start":{"line":235,"column":4},"end":{"line":237,"column":5}},{"start":{},"end":{}}]},"35":{"loc":{"start":{"line":241,"column":4},"end":{"line":246,"column":5}},"type":"if","locations":[{"start":{"line":241,"column":4},"end":{"line":246,"column":5}},{"start":{},"end":{}}]},"36":{"loc":{"start":{"line":262,"column":4},"end":{"line":262,"column":62}},"type":"if","locations":[{"start":{"line":262,"column":4},"end":{"line":262,"column":62}},{"start":{},"end":{}}]},"37":{"loc":{"start":{"line":262,"column":8},"end":{"line":262,"column":53}},"type":"binary-expr","locations":[{"start":{"line":262,"column":8},"end":{"line":262,"column":29}},{"start":{"line":262,"column":33},"end":{"line":262,"column":53}}]},"38":{"loc":{"start":{"line":265,"column":4},"end":{"line":267,"column":5}},"type":"if","locations":[{"start":{"line":265,"column":4},"end":{"line":267,"column":5}},{"start":{},"end":{}}]},"39":{"loc":{"start":{"line":285,"column":8},"end":{"line":288,"column":9}},"type":"if","locations":[{"start":{"line":285,"column":8},"end":{"line":288,"column":9}},{"start":{},"end":{}}]},"40":{"loc":{"start":{"line":286,"column":30},"end":{"line":286,"column":61}},"type":"binary-expr","locations":[{"start":{"line":286,"column":30},"end":{"line":286,"column":42}},{"start":{"line"
[...]
,{"start":{"line":112,"column":47},"end":{"line":112,"column":49}}]},"10":{"loc":{"start":{"line":114,"column":4},"end":{"line":114,"column":39}},"type":"if","locations":[{"start":{"line":114,"column":4},"end":{"line":114,"column":39}},{"start":{},"end":{}}]},"11":{"loc":{"start":{"line":122,"column":4},"end":{"line":129,"column":5}},"type":"if","locations":[{"start":{"line":122,"column":4},"end":{"line":129,"column":5}},{"start":{},"end":{}}]},"12":{"loc":{"start":{"line":125,"column":12},"end":{"line":127,"column":13}},"type":"if","locations":[{"start":{"line":125,"column":12},"end":{"line":127,"column":13}},{"start":{},"end":{}}]},"13":{"loc":{"start":{"line":139,"column":4},"end":{"line":141,"column":5}},"type":"if","locations":[{"start":{"line":139,"column":4},"end":{"line":141,"column":5}},{"start":{},"end":{}}]},"14":{"loc":{"start":{"line":144,"column":4},"end":{"line":146,"column":5}},"type":"if","locations":[{"start":{"line":144,"column":4},"end":{"line":146,"column":5}},{"start":{},"end":{}}]},"15":{"loc":{"start":{"line":154,"column":4},"end":{"line":156,"column":5}},"type":"if","locations":[{"start":{"line":154,"column":4},"end":{"line":156,"column":5}},{"start":{},"end":{}}]},"16":{"loc":{"start":{"line":172,"column":8},"end":{"line":174,"column":9}},"type":"if","locations":[{"start":{"line":172,"column":8},"end":{"line":174,"column":9}},{"start":{},"end":{}}]},"17":{"loc":{"start":{"line":175,"column":8},"end":{"line":177,"column":9}},"type":"if","locations":[{"start":{"line":175,"column":8},"end":{"line":177,"column":9}},{"start":{},"end":{}}]},"18":{"loc":{"start":{"line":189,"column":11},"end":{"line":189,"column":36}},"type":"binary-expr","locations":[{"start":{"line":189,"column":11},"end":{"line":189,"column":23}},{"start":{"line":189,"column":27},"end":{"line":189,"column":36}}]},"19":{"loc":{"start":{"line":200,"column":43},"end":{"line":200,"column":67}},"type":"binary-expr","locations":[{"start":{"line":200,"column":43},"end":{"line":200,"column":61}},{"start":{"line":200,"column":65},"end":{"line":200,"column":67}}]},"20":{"loc":{"start":{"line":202,"column":27},"end":{"line":202,"column":40}},"type":"binary-expr","locations":[{"start":{"line":202,"column":27},"end":{"line":202,"column":34}},{"start":{"line":202,"column":38},"end":{"line":202,"column":40}}]},"21":{"loc":{"start":{"line":205,"column":4},"end":{"line":222,"column":5}},"type":"if","locations":[{"start":{"line":205,"column":4},"end":{"line":222,"column":5}},{"start":{"line":218,"column":11},"end":{"line":222,"column":5}}]},"22":{"loc":{"start":{"line":206,"column":8},"end":{"line":208,"column":9}},"type":"if","locations":[{"start":{"line":206,"column":8},"end":{"line":208,"column":9}},{"start":{},"end":{}}]},"23":{"loc":{"start":{"line":210,"column":8},"end":{"line":217,"column":9}},"type":"if","locations":[{"start":{"line":210,"column":8},"end":{"line":217,"column":9}},{"start":{},"end":{}}]},"24":{"loc":{"start":{"line":219,"column":8},"end":{"line":221,"column":9}},"type":"if","locations":[{"start":{"line":219,"column":8},"end":{"line":221,"column":9}},{"start":{},"end":{}}]},"25":{"loc":{"start":{"line":225,"column":4},"end":{"line":227,"column":5}},"type":"if","locations":[{"start":{"line":225,"column":4},"end":{"line":227,"column":5}},{"start":{},"end":{}}]},"26":{"loc":{"start":{"line":236,"column":67},"end":{"line":236,"column":91}},"type":"binary-expr","locations":[{"start":{"line":236,"column":67},"end":{"line":236,"column":85}},{"start":{"line":236,"column":89},"end":{"line":236,"column":91}}]},"27":{"loc":{"start":{"line":240,"column":4},"end":{"line":242,"column":5}},"type":"if","locations":[{"start":{"line":240,"column":4},"end":{"line":242,"column":5}},{"start":{},"end":{}}]},"28":{"loc":{"start":{"line":244,"column":4},"end":{"line":246,"column":5}},"type":"if","locations":[{"start":{"line":244,"column":4},"end":{"line":246,"column":5}},{"start":{},"end":{}}]},"29":{"loc":{"start":{"line":248,"column":4},"end":{"line":250,"column":5}},"type":"if","locations":[{"start":{"line":248,"column":4},"end":{"line":250,"column":5}},{"start":{},"end":{}}]},"30":{"loc":{"start":{"line":252,"column":4},"end":{"line":266,"column":5}},"type":"if","locations":[{"start":{"line":252,"column":4},"end":{"line":266,"column":5}},{"start":{},"end":{}}]},"31":{"loc":{"start":{"line":255,"column":8},"end":{"line":257,"column":9}},"type":"if","locations":[{"start":{"line":255,"column":8},"end":{"line":257,"column":9}},{"start":{},"end":{}}]},"32":{"loc":{"start":{"line":255,"column":12},"end":{"line":255,"column":78}},"type":"binary-expr","locations":[{"start":{"line":255,"column":12},"end":{"line":255,"column":23}},{"start":{"line":255,"column":27},"end":{"line":255,"column":78}}]},"33":{"loc":{"start":{"line":259,"column":8},"end":{"line":261,"column":9}},"type":"if","locations":[{"start":{"line":259,"column":8},"end":{"line":261,"column":9}},{"start":{},"end":{}}]},"34":{"loc":{"start":{"line":263,"column":8},"end":{"line":265,"column":9}},"type":"if","locations":[{"start":{"line":263,"column":8},"end":{"line":265,"column":9}},{"start":{},"end":{}}]},"35":{"loc":{"start":{"line":279,"column":25},"end":{"line":279,"column":49}},"type":"binary-expr","locations":[{"start":{"line":279,"column":25},"end":{"line":279,"column":43}},{"start":{"line":279,"column":47},"end":{"line":279,"column":49}}]},"36":{"loc":{"start":{"line":281,"column":4},"end":{"line":281,"column":26}},"type":"if","locations":[{"start":{"line":281,"column":4},"end":{"line":281,"column":26}},{"start":{},"end":{}}]},"37":{"loc":{"start":{"line":292,"column":0},"end":{"line":306,"column":1}},"type":"if","locations":[{"start":{"line":292,"column":0},"end":{"line":306,"column":1}},{"start":{},"end":{}}]}},"s":{"0":57,"1":10,"2":10,"3":10,"4":10,"5":28,"6":1,"7":27,"8":27,"9":3,"10":3,"11":24,"12":7,"13":7,"14":1,"15":6,"16":6,"17":6,"18":6,"19":6,"20":6,"21":20,"22":20,"23":20,"24":1,"25":19,"26":19,"27":19,"28":19,"29":19,"30":19,"31":19,"32":19,"33":19,"34":19,"35":19,"36":46,"37":46,"38":46,"39":1,"40":45,"41":45,"42":45,"43":45,"44":45,"45":11,"46":11,"47":11,"48":11,"49":7,"50":7,"51":6,"52":7,"53":6,"54":7,"55":7,"56":7,"57":7,"58":6,"59":31,"60":31,"61":31,"62":31,"63":5,"64":4,"65":5,"66":4,"67":31,"68":27,"69":27,"70":14,"71":14,"72":14,"73":14,"74":14,"75":11,"76":10,"77":11,"78":10,"79":10,"80":22,"81":22,"82":3,"83":3,"84":14,"85":13,"86":17,"87":17,"88":17,"89":17,"90":16,"91":17,"92":16,"93":17,"94":16,"95":17,"96":12,"97":12,"98":11,"99":12,"100":11,"101":12,"102":11,"103":17,"104":6,"105":5,"106":5,"107":1,"108":4,"109":4,"110":4,"111":1,"112":1,"113":1,"114":1,"115":1,"116":1,"117":1,"118":1,"119":1,"120":1,"121":1,"122":1,"123":1,"124":1},"f":{"0":57,"1":10,"2":28,"3":7,"4":20,"5":46,"6":11,"7":7,"8":31,"9":5,"10":27,"11":14,"12":22,"13":17,"14":6,"15":5,"16":1},"b":{"0":[1,27],"1":[3,24],"2":[7,0],"3":[1,6],"4":[6,1,0],"5":[20,0],"6":[1,19],"7":[19,0],"8":[19,0,0],"9":[46,0],"10":[1,45],"11":[11,34],"12":[11,0],"13":[6,1],"14":[6,1],"15":[6,1],"16":[4,1],"17":[4,1],"18":[27,3],"19":[14,0],"20":[14,2],"21":[11,3],"22":[10,1],"23":[10,1],"24":[3,0],"25":[13,1],"26":[17,0],"27":[16,1],"28":[16,1],"29":[16,1],"30":[12,5],"31":[11,1],"32":[12,12],"33":[11,1],"34":[11,1],"35":[5,0],"36":[1,4],"37":[1,0]}}
,"/Users/abhishek/stuff/ai-adventures/pocket-portals/static/js/themes.js": {"path":"/Users/abhishek/stuff/ai-adventures/pocket-portals/static/js/themes.js","statementMap":{"0":{"start":{"line":9,"column":28},"end":{"line":9,"column":72}},"1":{"start":{"line":14,"column":29},"end":{"line":14,"column":34}},"2":{"start":{"line":19,"column":27},"end":{"line":19,"column":49}},"3":{"start":{"line":24,"column":19},"end":{"line":24,"column":32}},"4":{"start":{"line":32,"column":4},"end":{"line":32,"column":66}},"5":{"start":{"line":40,"column":4},"end":{"line":40,"column":24}},"6":{"start":{"line":47,"column":25},"end":{"line":47,"column":67}},"7":{"start":{"line":49,"column":4},"end":{"line":56,"column":7}},"8":{"start":{"line":50,"column":28},"end":{"line":50,"column":68}},"9":{"start":{"line":51,"column":8},"end":{"line":55,"column":9}},"10":{"start":{"line":52,"column":12},"end":{"line":52,"column":43}},"11":{"start":{"line":54,"column":12},"end":{"line":54,"column":46}},"12":{"start":{"line":65,"column":4},"end":{"line":68,"column":5}},"13":{"start":{"line":66,"column":8},"end":{"line":66,"column":72}},"14":{"start":{"line":67,"column":8},"end":{"line":67,"column":21}},"15":{"start":{"line":70,"column":4},"end":{"line":70,"column":67}},"16":{"start":{"line":71,"column":4},"end":{"line":71,"column":29}},"17":{"start":{"line":72,"column":4},"end":{"line":72,"column":25}},"18":{"start":{"line":73,"column":4},"end":{"line":73,"column":16}},"19":{"start":{"line":80,"column":18},"end":{"line":80,"column":56}},"20":{"start":{"line":81,"column":4},"end":{"line":83,"column":5}},"21":{"start":{"line":82,"column":8},"end":{"line":82,"column":39}},"22":{"start":{"line":90,"column":18},"end":{"line":90,"column":56}},"23":{"start":{"line":91,"column":4},"end":{"line":93,"column":5}},"24":{"start":{"line":92,"column":8},"end":{"line":92,"column":42}},"25":{"start":{"line":102,"column":4},"end":{"line":105,"column":5}},"26":{"start":{"line":103,"column":8},"end":{"line":103,"column":72}},"27":{"start":{"line":104,"column":8},"end":{"line":104,"column":21}},"28":{"start":{"line":108,"column":4},"end":{"line":108,"column":26}},"29":{"start":{"line":111,"column":4},"end":{"line":111,"column":49}},"30":{"start":{"line":114,"column":4},"end":{"line":114,"column":17}},"31":{"start":{"line":116,"column":4},"end":{"line":116,"column":16}},"32":{"start":{"line":124,"column":23},"end":{"line":124,"column":56}},"33":{"start":{"line":125,"column":4},"end":{"line":125,"column":65}},"34":{"start":{"line":133,"column":24},"end":{"line":133,"column":63}},"35":{"start":{"line":134,"column":4},"end":{"line":138,"column":5}},"36":{"start":{"line":135,"column":8},"end":{"line":137,"column":11}},"37":{"start":{"line":136,"column":12},"end":{"line":136,"column":24}},"38":{"start":{"line":141,"column":21},"end":{"line":141,"column":65}},"39":{"start":{"line":142,"column":4},"end":{"line":146,"column":5}},"40":{"start":{"line":143,"column":8},"end":{"line":145,"column":11}},"41":{"start":{"line":144,"column":12},"end":{"line":144,"column":25}},"42":{"start":{"line":149,"column":25},"end":{"line":149,"column":67}},"43":{"start":{"line":150,"column":4},"end":{"line":157,"column":7}},"44":{"start":{"line":151,"column":8},"end":{"line":156,"column":11}},"45":{"start":{"line":152,"column":30},"end":{"line":152,"column":68}},"46":{"start":{"line":153,"column":12},"end":{"line":155,"column":13}},"47":{"start":{"line":154,"column":16},"end":{"line":154,"column":36}},"48":{"start":{"line":160,"column":18},"end":{"line":160,"column":56}},"49":{"start":{"line":161,"column":4},"end":{"line":168,"column":5}},"50":{"start":{"line":162,"column":8},"end":{"line":167,"column":11}},"51":{"start":{"line":164,"column":12},"end":{"line":166,"column":13}},"52":{"start":{"line":165,"column":16},"end":{"line":165,"column":29}},"53":{"start":{"line":171,"column":4},"end":{"line":175,"column":7}},"54":{"start":{"line":172,"column":8},"end":{"line":174,"column":9}},"55":{"start":{"line":173,"column":12},"end":{"line":173,"column":25}},"56":{"start":{"line":184,"column":4},"end":{"line":184,"column":36}},"57":{"start":{"line":187,"column":4},"end":{"line":187,"column":29}},"58":{"start":{"line":190,"column":4},"end":{"line":190,"column":26}},"59":{"start":{"line":197,"column":4},"end":{"line":197,"column":33}},"60":{"start":{"line":204,"column":31},"end":{"line":218,"column":1}},"61":{"start":{"line":206,"column":8},"end":{"line":206,"column":33}},"62":{"start":{"line":221,"column":0},"end":{"line":240,"column":1}},"63":{"start":{"line":222,"column":4},"end":{"line":222,"column":45}},"64":{"start":{"line":223,"column":4},"end":{"line":223,"column":33}},"65":{"start":{"line":224,"column":4},"end":{"line":224,"column":31}},"66":{"start":{"line":225,"column":4},"end":{"line":225,"column":35}},"67":{"start":{"line":226,"column":4},"end":{"line":226,"column":33}},"68":{"start":{"line":227,"column":4},"end":{"line":227,"column":35}},"69":{"start":{"line":228,"column":4},"end":{"line":228,"column":45}},"70":{"start":{"line":229,"column":4},"end":{"line":229,"column":39}},"71":{"start":{"line":232,"column":4},"end":{"line":239,"column":5}},"72":{"start":{"line":233,"column":8},"end":{"line":235,"column":11}},"73":{"start":{"line":234,"column":12},"end":{"line":234,"column":24}},"74":{"start":{"line":238,"column":8},"end":{"line":238,"column":20}}},"fnMap":{"0":{"name":"isValidTheme","decl":{"start":{"line":31,"column":16},"end":{"line":31,"column":28}},"loc":{"start":{"line":31,"column":40},"end":{"line":33,"column":1}}},"1":{"name":"getCurrentTheme","decl":{"start":{"line":39,"column":16},"end":{"line":39,"column":31}},"loc":{"start":{"line":39,"column":34},"end":{"line":41,"column":1}}},"2":{"name":"updateActiveOption","decl":{"start":{"line":46,"column":16},"end":{"line":46,"column":34}},"loc":{"start":{"line":46,"column":37},"end":{"line":57,"column":1}}},"3":{"name":"(anonymous_3)","decl":{"start":{"line":49,"column":25},"end":{"line":49,"column":33}},"loc":{"start":{"line":49,"column":42},"end":{"line":56,"column":5}}},"4":{"name":"applyTheme","decl":{"start":{"line":64,"column":16},"end":{"line":64,"column":26}},"loc":{"start":{"line":64,"column":38},"end":{"line":74,"column":1}}},"5":{"name":"openModal","decl":{"start":{"line":79,"column":16},"end":{"line":79,"column":25}},"loc":{"start":{"line":79,"column":28},"end":{"line":84,"column":1}}},"6":{"name":"closeModal","decl":{"start":{"line":89,"column":16},"end":{"line":89,"column":26}},"loc":{"start":{"line":89,"column":29},"end":{"line":94,"column":1}}},"7":{"name":"setTheme","decl":{"start":{"line":101,"column":16},"end":{"line":101,"column":24}},"loc":{"start":{"line":101,"column":36},"end":{"line":117,"column":1}}},"8":{"name":"loadSavedTheme","decl":{"start":{"line":123,"column":16},"end":{"line":123,"column":30}},"loc":{"start":{"line":123,"column":33},"end":{"line":126,"column":1}}},"9":{"name":"setupEventListeners","decl":{"start":{"line":131,"column":16},"end":{"line":131,"column":35}},"loc":{"start":{"line":131,"column":38},"end":{"line":176,"column":1}}},"10":{"name":"(anonymous_10)","decl":{"start":{"line":135,"column":46},"end":{"line":135,"column":54}},"loc":{"start":{"line":135,"column":57},"end":{"line":137,"column":9}}},"11":{"name":"(anonymous_11)","decl":{"start":{"line":143,"column":43},"end":{"line":143,"column":51}},"loc":{"start":{"line":143,"column":54},"end":{"line":145,"column":9}}},"12":{"name":"(anonymous_12)","decl":{"start":{"line":150,"column":25},"end":{"line":150,"column":33}},"loc":{"start":{"line":150,"column":42},"end":{"line":157,"column":5}}},"13":{"name":"(anonymous_13)","decl":{"start":{"line":151,"column":41},"end":{"line":151,"column":49}},"loc":{"start":{"line":151,"column":52},"end":{"line":156,"column":9}}},"14":{"name":"(anonymous_14)","decl":{"start":{"line":162,"column":40},"end":{"line":162,"column":48}},"loc":{"start":{"line":162,"column":52},"end":{"line":167,"column":9}}},"15":{"name":"(anonymous_15)","decl":{"start":{"line":171,"column":41},"end":{"line":171,"column":49}},"loc":{"start":{"line":171,"column":53},"end":{"line":175,"column":5}}},"16":{"name":"initTheme","decl":{"start":{"line":182,"column":16},"end":{"line":182,"column":25}},"loc":{"start":{"line":182,"column":28},"end":{"line":191,"column":1}}},"17":{"name":"resetThemeState","decl":{"start":{"line":196,"column":16},"end":{"line":196,"column":31}},"loc":{"start":{"line":196,"column":34},"end":{"line":198,"column":1}}},"18":{"name":"(anonymous_18)","decl":{"start":{"line":205,"column":4},"end":{"line":205,"column":7}},"loc":{"start":{"line":205,"column":23},"end":{"line":207,"column":5}}},"19":{"name":"(anonymous_19)","decl":{"start":{"line":233,"column":54},"end":{"line":233,"column":62}},"loc":{"start":{"line":233,"column":65},"end":{"line":235,"column":9}}}},"branchMap":{"0":{"loc":{"start":{"line":32,"column":19},"end":{"line":32,"column":64}},"type":"binary-expr","locations":[{"start":{"line":32,"column":19},"end":{"line":32,"column":28}},{"start":{"line":32,"column":32},"end":{"line":32,"column":64}}]},"1":{"loc":{"start":{"line":51,"column":8},"end":{"line":55,"column":9}},"type":"if","locations":[{"start":{"line":51,"column":8},"end":{"line":55,"column":9}},{"start":{"line":53,"column":15},"end":{"line":55,"column":9}}]},"2":{"loc":{"start":{"line":65,"column":4},"end":{"line":68,"column":5}},"type":"if","locations":[{"start":{"line":65,"column":4},"end":{"line":68,"column":5}},{"start":{},"end":{}}]},"3":{"loc":{"start":{"line":81,"column":4},"end":{"line":83,"column":5}},"type":"if","locations":[{"start":{"line":81,"column":4},"end":{"line":83,"column":5}},{"start":{},"end":{}}]},"4":{"loc":{"start":{"line":91,"column":4},"end":{"line":93,"column":5}},"type":"if","locations":[{"start":{"line":91,"column":4},"end":{"line":93,"column":5}},{"start":{},"end":{}}]},"5":{"loc":{"start":{"line":102,"column":4},"end":{"line":105,"column":5}},"type":"if","locations":[{"start":{"line":102,"column":4},"end":{"line":105,"column":5}},{"start":{},"end":{}}]},"6":{"loc":{"start":{"line":125,"column":11},"end":{"line":125,"column":64}},"type":"cond-expr","locations":[{"start":{"line":125,"column":38},"end":{"line":125,"column":48}},{"start":{"line":125,"column":51},"end":{"line":125,"column":64}}]},"7":{"loc":{"start":{"line":134,"column":4},"end":{"line":138,"column":5}},"type":"if","locations":[{"start":{"line":134,"column":4},"end":{"line":138,"column":5}},{"start":{},"end":{}}]},"8":{"loc":{"start":{"line":142,"column":4},"end":{"line":146,"column":5}},"type":"if","locations":[{"start":{"line":142,"column":4},"end":{"line":146,"column":5}},{"start":{},"end":{}}]},"9":{"loc":{"start":{"line":153,"column":12},"end":{"line":155,"column":13}},"type":"if","locations":[{"start":{"line":153,"column":12},"end":{"line":155,"column":13}},{"start":{},"end":{}}]},"10":{"loc":{"start":{"line":161,"column":4},"end":{"line":168,"column":5}},"type":"if","locations":[{"start":{"line":161,"column":4},"end":{"line":168,"column":5}},{"start":{},"end":{}}]},"11":{"loc":{"start":{"line":164,"column":12},"end":{"line":166,"column":13}},"type":"if","locations":[{"start":{"line":164,"column":12},"end":{"line":166,"column":13}},{"start":{},"end":{}}]},"12":{"loc":{"start":{"line":172,"column":8},"end":{"line":174,"column":9}},"type":"if","locations":[{"start":{"line":172,"column":8},"end":{"line":174,"column":9}},{"start":{},"end":{}}]},"13":{"loc":{"start":{"line":221,"column":0},"end":{"line":240,"column":1}},"type":"if","locations":[{"start":{"line":221,"column":0},"end":{"line":240,"column":1}},{"start":{},"end":{}}]},"14":{"loc":{"start":{"line":232,"column":4},"end":{"line":239,"column":5}},"type":"if","locations":[{"start":{"line":232,"column":4},"end":{"line":239,"column":5}},{"start":{"line":236,"column":11},"end":{"line":239,"column":5}}]}},"s":{"0":1,"1":1,"2":1,"3":1,"4":63,"5":17,"6":30,"7":30,"8":38,"9":38,"10":9,"11":29,"12":31,"13":2,"14":2,"15":29,"16":29,"17":29,"18":29,"19":3,"20":3,"21":2,"22":15,"23":15,"24":14,"25":15,"26":2,"27":2,"28":13,"29":13,"30":13,"31":13,"32":6,"33":6,"34":1,"35":1,"36":0,"37":0,"38":1,"39":1,"40":0,"41":0,"42":1,"43":1,"44":0,"45":0,"46":0,"47":0,"48":1,"49":1,"50":0,"51":0,"52":0,"53":1,"54":0,"55":0,"56":1,"57":1,"58":1,"59":51,"60":1,"61":1,"62":1,"63":1,"64":1,"65":1,"66":1,"67":1,"68":1,"69":1,"70":1,"71":1,"72":0,"73":0,"74":1},"f":{"0":63,"1":17,"2":30,"3":38,"4":31,"5":3,"6":15,"7":15,"8":6,"9":1,"10":0,"11":0,"12":0,"13":0,"14":0,"15":0,"16":1,"17":51,"18":1,"19":0},"b":{"0":[63,57],"1":[9,29],"2":[2,29],"3":[2,1],"4":[14,1],"5":[2,13],"6":[2,4],"7":[0,1],"8":[0,1],"9":[0,0],"10":[0,1],"11":[0,0],"12":[0,0],"13":[1,0],"14":[0,1]}}
}
